The system is: Windows - 10.0.19045 - AMD64
Compiling the CXX compiler identification source file "CMakeCXXCompilerId.cpp" succeeded.
Compiler: C:/Program Files/Microsoft Visual Studio/2022/Community/VC/Tools/MSVC/14.34.31933/bin/Hostx64/x64/cl.exe 
Build flags: 
Id flags:  

The output was:
0
用于 x64 的 Microsoft (R) C/C++ 优化编译器 19.34.31935 版
版权所有(C) Microsoft Corporation。保留所有权利。

CMakeCXXCompilerId.cpp
Microsoft (R) Incremental Linker Version 14.34.31935.0
Copyright (C) Microsoft Corporation.  All rights reserved.

/out:CMakeCXXCompilerId.exe 
CMakeCXXCompilerId.obj 


Compilation of the CXX compiler identification source "CMakeCXXCompilerId.cpp" produced "CMakeCXXCompilerId.exe"

Compilation of the CXX compiler identification source "CMakeCXXCompilerId.cpp" produced "CMakeCXXCompilerId.obj"

The CXX compiler identification is MSVC, found in "C:/Users/ocean/Desktop/CS121/project/Mandelbrot-set-GPU/cmake-build-debug/CMakeFiles/3.24.2/CompilerIdCXX/CMakeCXXCompilerId.exe"

Checking whether the CUDA compiler is NVIDIA using "" matched "nvcc: NVIDIA \(R\) Cuda compiler driver":
nvcc: NVIDIA (R) Cuda compiler driver
Copyright (c) 2005-2022 NVIDIA Corporation
Built on Wed_Sep_21_10:41:10_Pacific_Daylight_Time_2022
Cuda compilation tools, release 11.8, V11.8.89
Build cuda_11.8.r11.8/compiler.31833905_0
Compiling the CUDA compiler identification source file "CMakeCUDACompilerId.cu" succeeded.
Compiler: C:/Program Files/NVIDIA GPU Computing Toolkit/CUDA/v11.8/bin/nvcc.exe 
Build flags: 
Id flags: --keep;--keep-dir;tmp -v

The output was:
0

C:\Users\ocean\Desktop\CS121\project\Mandelbrot-set-GPU\cmake-build-debug\CMakeFiles\3.24.2\CompilerIdCUDA>call "C:/Program Files/Microsoft Visual Studio/2022/Community/VC/Tools/MSVC/14.34.31933/bin/HostX64/x64/../../../../../../../VC/Auxiliary/Build/vcvars64.bat" 
**********************************************************************
** Visual Studio 2022 Developer Command Prompt v17.4.2
** Copyright (c) 2022 Microsoft Corporation
**********************************************************************
[vcvarsall.bat] Environment initialized for: 'x64'
#$ C:/Program Files/Microsoft Visual Studio/2022/Community/VC/Tools/MSVC/14.34.31933/bin/HostX64/x64/../../../../../../../VC/Auxiliary/Build/vcvars64.bat
#$ ALLUSERSPROFILE=C:\ProgramData
#$ APPDATA=C:\Users\ocean\AppData\Roaming
#$ CLion=C:\Program Files\JetBrains\CLion 2022.3\bin;
#$ CLION_IDE=TRUE
#$ CMAKE_COLOR_DIAGNOSTICS=ON
#$ CommandPromptType=Native
#$ CommonProgramFiles=C:\Program Files\Common Files
#$ CommonProgramFiles(x86)=C:\Program Files (x86)\Common Files
#$ CommonProgramW6432=C:\Program Files\Common Files
#$ COMPUTERNAME=DESKTOP-DRG30QK
#$ ComSpec=C:\Windows\system32\cmd.exe
#$ CUDA_PATH=C:\Program Files\NVIDIA GPU Computing Toolkit\CUDA\v11.8
#$ CUDA_PATH_V11_8=C:\Program Files\NVIDIA GPU Computing Toolkit\CUDA\v11.8
#$ CXX=C:/Program Files/Microsoft Visual Studio/2022/Community/VC/Tools/MSVC/14.34.31933/bin/Hostx64/x64/cl.exe
#$ DevEnvDir=C:\Program Files\Microsoft Visual Studio\2022\Community\Common7\IDE\
#$ DriverData=C:\Windows\System32\Drivers\DriverData
#$ ExtensionSdkDir=C:\Program Files (x86)\Microsoft SDKs\Windows Kits\10\ExtensionSDKs
#$ EXTERNAL_INCLUDE=C:\Program Files\Microsoft Visual Studio\2022\Community\VC\Tools\MSVC\14.34.31933\include;C:\Program Files\Microsoft Visual Studio\2022\Community\VC\Tools\MSVC\14.34.31933\ATLMFC\include;C:\Program Files\Microsoft Visual Studio\2022\Community\VC\Auxiliary\VS\include;C:\Program Files (x86)\Windows Kits\10\include\10.0.19041.0\ucrt;C:\Program Files (x86)\Windows Kits\10\\include\10.0.19041.0\\um;C:\Program Files (x86)\Windows Kits\10\\include\10.0.19041.0\\shared;C:\Program Files (x86)\Windows Kits\10\\include\10.0.19041.0\\winrt;C:\Program Files (x86)\Windows Kits\10\\include\10.0.19041.0\\cppwinrt;C:\Program Files\Microsoft Visual Studio\2022\Community\VC\Tools\MSVC\14.34.31933\include;C:\Program Files\Microsoft Visual Studio\2022\Community\VC\Tools\MSVC\14.34.31933\ATLMFC\include;C:\Program Files\Microsoft Visual Studio\2022\Community\VC\Auxiliary\VS\include;C:\Program Files (x86)\Windows Kits\10\include\10.0.19041.0\ucrt;C:\Program Files (x86)\Windows Kits\10\\include\10.0.19041.0\\um;C:\Program Files (x86)\Windows Kits\10\\include\10.0.19041.0\\shared;C:\Program Files (x86)\Windows Kits\10\\include\10.0.19041.0\\winrt;C:\Program Files (x86)\Windows Kits\10\\include\10.0.19041.0\\cppwinrt
#$ FPS_BROWSER_APP_PROFILE_STRING=Internet Explorer
#$ FPS_BROWSER_USER_PROFILE_STRING=Default
#$ Framework40Version=v4.0
#$ FrameworkDir=C:\Windows\Microsoft.NET\Framework64\
#$ FrameworkDir64=C:\Windows\Microsoft.NET\Framework64\
#$ FrameworkVersion=v4.0.30319
#$ FrameworkVersion64=v4.0.30319
#$ HOMEDRIVE=C:
#$ HOMEPATH=\Users\ocean
#$ IDEA_INITIAL_DIRECTORY=C:\Program Files\JetBrains\CLion 2022.3\bin
#$ INCLUDE=C:\Program Files\Microsoft Visual Studio\2022\Community\VC\Tools\MSVC\14.34.31933\include;C:\Program Files\Microsoft Visual Studio\2022\Community\VC\Tools\MSVC\14.34.31933\ATLMFC\include;C:\Program Files\Microsoft Visual Studio\2022\Community\VC\Auxiliary\VS\include;C:\Program Files (x86)\Windows Kits\10\include\10.0.19041.0\ucrt;C:\Program Files (x86)\Windows Kits\10\\include\10.0.19041.0\\um;C:\Program Files (x86)\Windows Kits\10\\include\10.0.19041.0\\shared;C:\Program Files (x86)\Windows Kits\10\\include\10.0.19041.0\\winrt;C:\Program Files (x86)\Windows Kits\10\\include\10.0.19041.0\\cppwinrt;C:\Program Files\Microsoft Visual Studio\2022\Community\VC\Tools\MSVC\14.34.31933\include;C:\Program Files\Microsoft Visual Studio\2022\Community\VC\Tools\MSVC\14.34.31933\ATLMFC\include;C:\Program Files\Microsoft Visual Studio\2022\Community\VC\Auxiliary\VS\include;C:\Program Files (x86)\Windows Kits\10\include\10.0.19041.0\ucrt;C:\Program Files (x86)\Windows Kits\10\\include\10.0.19041.0\\um;C:\Program Files (x86)\Windows Kits\10\\include\10.0.19041.0\\shared;C:\Program Files (x86)\Windows Kits\10\\include\10.0.19041.0\\winrt;C:\Program Files (x86)\Windows Kits\10\\include\10.0.19041.0\\cppwinrt
#$ INTEL_DEV_REDIST=C:\Program Files (x86)\Common Files\Intel\Shared Libraries\
#$ JETBRAINS_IDE=TRUE
#$ LIB=C:\Program Files\Microsoft Visual Studio\2022\Community\VC\Tools\MSVC\14.34.31933\ATLMFC\lib\x64;C:\Program Files\Microsoft Visual Studio\2022\Community\VC\Tools\MSVC\14.34.31933\lib\x64;C:\Program Files (x86)\Windows Kits\10\lib\10.0.19041.0\ucrt\x64;C:\Program Files (x86)\Windows Kits\10\\lib\10.0.19041.0\\um\x64;C:\Program Files\Microsoft Visual Studio\2022\Community\VC\Tools\MSVC\14.34.31933\ATLMFC\lib\x64;C:\Program Files\Microsoft Visual Studio\2022\Community\VC\Tools\MSVC\14.34.31933\lib\x64;C:\Program Files (x86)\Windows Kits\10\lib\10.0.19041.0\ucrt\x64;C:\Program Files (x86)\Windows Kits\10\\lib\10.0.19041.0\\um\x64
#$ LIBPATH=C:\Program Files\Microsoft Visual Studio\2022\Community\VC\Tools\MSVC\14.34.31933\ATLMFC\lib\x64;C:\Program Files\Microsoft Visual Studio\2022\Community\VC\Tools\MSVC\14.34.31933\lib\x64;C:\Program Files\Microsoft Visual Studio\2022\Community\VC\Tools\MSVC\14.34.31933\lib\x86\store\references;C:\Program Files (x86)\Windows Kits\10\UnionMetadata\10.0.19041.0;C:\Program Files (x86)\Windows Kits\10\References\10.0.19041.0;C:\Windows\Microsoft.NET\Framework64\v4.0.30319;C:\Program Files\Microsoft Visual Studio\2022\Community\VC\Tools\MSVC\14.34.31933\ATLMFC\lib\x64;C:\Program Files\Microsoft Visual Studio\2022\Community\VC\Tools\MSVC\14.34.31933\lib\x64;C:\Program Files\Microsoft Visual Studio\2022\Community\VC\Tools\MSVC\14.34.31933\lib\x86\store\references;C:\Program Files (x86)\Windows Kits\10\UnionMetadata\10.0.19041.0;C:\Program Files (x86)\Windows Kits\10\References\10.0.19041.0;C:\Windows\Microsoft.NET\Framework64\v4.0.30319
#$ LOCALAPPDATA=C:\Users\ocean\AppData\Local
#$ LOGONSERVER=\\DESKTOP-DRG30QK
#$ NUMBER_OF_PROCESSORS=16
#$ NVTOOLSEXT_PATH=C:\Program Files\NVIDIA Corporation\NvToolsExt\
#$ OneDrive=C:\Users\ocean\OneDrive
#$ OneDriveConsumer=C:\Users\ocean\OneDrive
#$ OS=Windows_NT
#$ Path=C:\Program Files\Microsoft Visual Studio\2022\Community\VC\Tools\MSVC\14.34.31933\bin\HostX64\x64;C:\Program Files\Microsoft Visual Studio\2022\Community\Common7\IDE\VC\VCPackages;C:\Program Files\Microsoft Visual Studio\2022\Community\Common7\IDE\CommonExtensions\Microsoft\TestWindow;C:\Program Files\Microsoft Visual Studio\2022\Community\Common7\IDE\CommonExtensions\Microsoft\TeamFoundation\Team Explorer;C:\Program Files\Microsoft Visual Studio\2022\Community\MSBuild\Current\bin\Roslyn;C:\Program Files\Microsoft Visual Studio\2022\Community\Team Tools\Performance Tools\x64;C:\Program Files\Microsoft Visual Studio\2022\Community\Team Tools\Performance Tools;C:\Program Files (x86)\Windows Kits\10\bin\10.0.19041.0\\x64;C:\Program Files (x86)\Windows Kits\10\bin\\x64;C:\Program Files\Microsoft Visual Studio\2022\Community\\MSBuild\Current\Bin\amd64;C:\Windows\Microsoft.NET\Framework64\v4.0.30319;C:\Program Files\Microsoft Visual Studio\2022\Community\Common7\IDE\;C:\Program Files\Microsoft Visual Studio\2022\Community\Common7\Tools\;C:\Program Files\Microsoft Visual Studio\2022\Community\VC\Tools\MSVC\14.34.31933\bin\HostX64\x64;C:\Program Files\Microsoft Visual Studio\2022\Community\Common7\IDE\VC\VCPackages;C:\Program Files\Microsoft Visual Studio\2022\Community\Common7\IDE\CommonExtensions\Microsoft\TestWindow;C:\Program Files\Microsoft Visual Studio\2022\Community\Common7\IDE\CommonExtensions\Microsoft\TeamFoundation\Team Explorer;C:\Program Files\Microsoft Visual Studio\2022\Community\MSBuild\Current\bin\Roslyn;C:\Program Files\Microsoft Visual Studio\2022\Community\Team Tools\Performance Tools\x64;C:\Program Files\Microsoft Visual Studio\2022\Community\Team Tools\Performance Tools;C:\Program Files (x86)\Windows Kits\10\bin\10.0.19041.0\\x64;C:\Program Files (x86)\Windows Kits\10\bin\\x64;C:\Program Files\Microsoft Visual Studio\2022\Community\\MSBuild\Current\Bin\amd64;C:\Windows\Microsoft.NET\Framework64\v4.0.30319;C:\Program Files\Microsoft Visual Studio\2022\Community\Common7\IDE\;C:\Program Files\Microsoft Visual Studio\2022\Community\Common7\Tools\;%INTEL_DEV_REDIST%redist\intel64_win\compiler;C:\Program Files\NVIDIA GPU Computing Toolkit\CUDA\v11.8\bin;C:\Program Files\NVIDIA GPU Computing Toolkit\CUDA\v11.8\libnvvp;C:\Windows\system32;C:\Windows;C:\Windows\System32\Wbem;C:\Windows\System32\WindowsPowerShell\v1.0\;C:\Windows\System32\OpenSSH\;C:\Program Files\NVIDIA Corporation\NVIDIA NvDLISR;C:\Program Files\Git\cmd;C:\Program Files\CMake\bin;C:\Program Files (x86)\mingw-w64\x86_64-8.1.0-release-posix-seh-rt_v6-rev0\mingw64\bin;C:\Program Files (x86)\NVIDIA Corporation\PhysX\Common;C:\Program Files\NVIDIA Corporation\Nsight Compute 2022.3.0\;C:\Users\ocean\AppData\Local\Packages\PythonSoftwareFoundation.Python.3.10_qbz5n2kfra8p0\LocalCache\local-packages\Python310\Scripts;C:\vcpkg;C:\Program Files\dotnet\;C:\Program Files (x86)\ninja;C:\Program Files\Microsoft Visual Studio\2022\Community\VC\Tools\MSVC\14.33.31629\include;C:\Program Files (x86)\Windows Kits\10\Include;C:\Program Files (x86)\Windows Kits\10\Lib;C:\Program Files\Microsoft Visual Studio\2022\Community\VC\Tools\MSVC\14.34.31933\bin;C:\Program Files\Microsoft Visual Studio\2022\Community\VC\Tools\MSVC\14.34.31933\bin\Hostx64\x64;C:\Program Files\Microsoft Visual Studio\2022\Community\VC\Tools\MSVC\14.34.31933\bin\Hostx64\x64\cl.ext;C:\Program Files\MATLAB\R2022b\bin;C:\Windows\System32\Wbem;C:\Users\ocean\AppData\Local\Microsoft\WindowsApps;C:\Users\ocean\AppData\Local\Programs\Microsoft VS Code\bin;C:\texlive\2022\bin\win32;C:\Users\ocean\AppData\Local\Pandoc\;C:\Program Files\JetBrains\CLion 2022.3\bin;;C:\Program Files\Microsoft Visual Studio\2022\Community\Common7\IDE\CommonExtensions\Microsoft\CMake\CMake\bin;C:\Program Files\Microsoft Visual Studio\2022\Community\Common7\IDE\CommonExtensions\Microsoft\CMake\Ninja;C:\Program Files\Microsoft Visual Studio\2022\Community\Common7\IDE\VC\Linux\bin\ConnectionManagerExe;%INTEL_DEV_REDIST%redist\intel64_win\compiler;C:\Program Files\NVIDIA GPU Computing Toolkit\CUDA\v11.8\bin;C:\Program Files\NVIDIA GPU Computing Toolkit\CUDA\v11.8\libnvvp;C:\Windows\system32;C:\Windows;C:\Windows\System32\Wbem;C:\Windows\System32\WindowsPowerShell\v1.0\;C:\Windows\System32\OpenSSH\;C:\Program Files\NVIDIA Corporation\NVIDIA NvDLISR;C:\Program Files\Git\cmd;C:\Program Files\CMake\bin;C:\Program Files (x86)\mingw-w64\x86_64-8.1.0-release-posix-seh-rt_v6-rev0\mingw64\bin;C:\Program Files (x86)\NVIDIA Corporation\PhysX\Common;C:\Program Files\NVIDIA Corporation\Nsight Compute 2022.3.0\;C:\Users\ocean\AppData\Local\Packages\PythonSoftwareFoundation.Python.3.10_qbz5n2kfra8p0\LocalCache\local-packages\Python310\Scripts;C:\vcpkg;C:\Program Files\dotnet\;C:\Program Files (x86)\ninja;C:\Program Files\Microsoft Visual Studio\2022\Community\VC\Tools\MSVC\14.33.31629\include;C:\Program Files (x86)\Windows Kits\10\Include;C:\Program Files (x86)\Windows Kits\10\Lib;C:\Program Files\Microsoft Visual Studio\2022\Community\VC\Tools\MSVC\14.34.31933\bin;C:\Program Files\Microsoft Visual Studio\2022\Community\VC\Tools\MSVC\14.34.31933\bin\Hostx64\x64;C:\Program Files\Microsoft Visual Studio\2022\Community\VC\Tools\MSVC\14.34.31933\bin\Hostx64\x64\cl.ext;C:\Program Files\MATLAB\R2022b\bin;C:\Windows\System32\Wbem;C:\Users\ocean\AppData\Local\Microsoft\WindowsApps;C:\Users\ocean\AppData\Local\Programs\Microsoft VS Code\bin;C:\texlive\2022\bin\win32;C:\Users\ocean\AppData\Local\Pandoc\;C:\Program Files\JetBrains\CLion 2022.3\bin;;C:\Program Files\JetBrains\CLion 2022.3\bin\ninja\win;C:\Program Files\Microsoft Visual Studio\2022\Community\Common7\IDE\CommonExtensions\Microsoft\CMake\CMake\bin;C:\Program Files\Microsoft Visual Studio\2022\Community\Common7\IDE\CommonExtensions\Microsoft\CMake\Ninja;C:\Program Files\Microsoft Visual Studio\2022\Community\Common7\IDE\VC\Linux\bin\ConnectionManagerExe
#$ PATHEXT=.COM;.EXE;.BAT;.CMD;.VBS;.VBE;.JS;.JSE;.WSF;.WSH;.MSC
#$ Platform=x64
#$ PROCESSOR_ARCHITECTURE=AMD64
#$ PROCESSOR_IDENTIFIER=AMD64 Family 23 Model 96 Stepping 1, AuthenticAMD
#$ PROCESSOR_LEVEL=23
#$ PROCESSOR_REVISION=6001
#$ ProgramData=C:\ProgramData
#$ ProgramFiles=C:\Program Files
#$ ProgramFiles(x86)=C:\Program Files (x86)
#$ ProgramW6432=C:\Program Files
#$ PROMPT=$P$G
#$ PSModulePath=C:\Program Files\WindowsPowerShell\Modules;C:\Windows\system32\WindowsPowerShell\v1.0\Modules
#$ PUBLIC=C:\Users\Public
#$ SESSIONNAME=Console
#$ SystemDrive=C:
#$ SystemRoot=C:\Windows
#$ UCRTVersion=10.0.19041.0
#$ UniversalCRTSdkDir=C:\Program Files (x86)\Windows Kits\10\
#$ USERDOMAIN=DESKTOP-DRG30QK
#$ USERDOMAIN_ROAMINGPROFILE=DESKTOP-DRG30QK
#$ USERNAME=ocean
#$ USERPROFILE=C:\Users\ocean
#$ VCIDEInstallDir=C:\Program Files\Microsoft Visual Studio\2022\Community\Common7\IDE\VC\
#$ VCINSTALLDIR=C:\Program Files\Microsoft Visual Studio\2022\Community\VC\
#$ VCToolsInstallDir=C:\Program Files\Microsoft Visual Studio\2022\Community\VC\Tools\MSVC\14.34.31933\
#$ VCToolsRedistDir=C:\Program Files\Microsoft Visual Studio\2022\Community\VC\Redist\MSVC\14.34.31931\
#$ VCToolsVersion=14.34.31933
#$ VisualStudioVersion=17.0
#$ VS170COMNTOOLS=C:\Program Files\Microsoft Visual Studio\2022\Community\Common7\Tools\
#$ VSCMD_ARG_app_plat=Desktop
#$ VSCMD_ARG_HOST_ARCH=x64
#$ VSCMD_ARG_TGT_ARCH=x64
#$ VSCMD_DEBUG=
#$ VSCMD_SKIP_SENDTELEMETRY=1
#$ VSCMD_VER=17.4.2
#$ vsconsoleoutput=1
#$ VSINSTALLDIR=C:\Program Files\Microsoft Visual Studio\2022\Community\
#$ windir=C:\Windows
#$ WindowsLibPath=C:\Program Files (x86)\Windows Kits\10\UnionMetadata\10.0.19041.0;C:\Program Files (x86)\Windows Kits\10\References\10.0.19041.0
#$ WindowsSdkBinPath=C:\Program Files (x86)\Windows Kits\10\bin\
#$ WindowsSdkDir=C:\Program Files (x86)\Windows Kits\10\
#$ WindowsSDKLibVersion=10.0.19041.0\
#$ WindowsSdkVerBinPath=C:\Program Files (x86)\Windows Kits\10\bin\10.0.19041.0\
#$ WindowsSDKVersion=10.0.19041.0\
#$ __DOTNET_ADD_64BIT=1
#$ __DOTNET_PREFERRED_BITNESS=64
#$ __VSCMD_PREINIT_PATH=%INTEL_DEV_REDIST%redist\intel64_win\compiler;C:\Program Files\NVIDIA GPU Computing Toolkit\CUDA\v11.8\bin;C:\Program Files\NVIDIA GPU Computing Toolkit\CUDA\v11.8\libnvvp;C:\Windows\system32;C:\Windows;C:\Windows\System32\Wbem;C:\Windows\System32\WindowsPowerShell\v1.0\;C:\Windows\System32\OpenSSH\;C:\Program Files\NVIDIA Corporation\NVIDIA NvDLISR;C:\Program Files\Git\cmd;C:\Program Files\CMake\bin;C:\Program Files (x86)\mingw-w64\x86_64-8.1.0-release-posix-seh-rt_v6-rev0\mingw64\bin;C:\Program Files (x86)\NVIDIA Corporation\PhysX\Common;C:\Program Files\NVIDIA Corporation\Nsight Compute 2022.3.0\;C:\Users\ocean\AppData\Local\Packages\PythonSoftwareFoundation.Python.3.10_qbz5n2kfra8p0\LocalCache\local-packages\Python310\Scripts;C:\vcpkg;C:\Program Files\dotnet\;C:\Program Files (x86)\ninja;C:\Program Files\Microsoft Visual Studio\2022\Community\VC\Tools\MSVC\14.33.31629\include;C:\Program Files (x86)\Windows Kits\10\Include;C:\Program Files (x86)\Windows Kits\10\Lib;C:\Program Files\Microsoft Visual Studio\2022\Community\VC\Tools\MSVC\14.34.31933\bin;C:\Program Files\Microsoft Visual Studio\2022\Community\VC\Tools\MSVC\14.34.31933\bin\Hostx64\x64;C:\Program Files\Microsoft Visual Studio\2022\Community\VC\Tools\MSVC\14.34.31933\bin\Hostx64\x64\cl.ext;C:\Program Files\MATLAB\R2022b\bin;C:\Windows\System32\Wbem;C:\Users\ocean\AppData\Local\Microsoft\WindowsApps;C:\Users\ocean\AppData\Local\Programs\Microsoft VS Code\bin;C:\texlive\2022\bin\win32;C:\Users\ocean\AppData\Local\Pandoc\;C:\Program Files\JetBrains\CLion 2022.3\bin;
#$ __VSCMD_PREINIT_VCToolsVersion=14.34.31933
#$ __VSCMD_PREINIT_VS170COMNTOOLS=C:\Program Files\Microsoft Visual Studio\2022\Community\Common7\Tools\
#$ PATH=C:\Program Files\Microsoft Visual Studio\2022\Community\VC\Tools\MSVC\14.34.31933\bin\HostX64\x64;C:\Program Files\Microsoft Visual Studio\2022\Community\VC\Tools\MSVC\14.34.31933\bin\HostX64\x64;C:\Program Files\Microsoft Visual Studio\2022\Community\Common7\IDE\VC\VCPackages;C:\Program Files\Microsoft Visual Studio\2022\Community\Common7\IDE\CommonExtensions\Microsoft\TestWindow;C:\Program Files\Microsoft Visual Studio\2022\Community\Common7\IDE\CommonExtensions\Microsoft\TeamFoundation\Team Explorer;C:\Program Files\Microsoft Visual Studio\2022\Community\MSBuild\Current\bin\Roslyn;C:\Program Files\Microsoft Visual Studio\2022\Community\Team Tools\Performance Tools\x64;C:\Program Files\Microsoft Visual Studio\2022\Community\Team Tools\Performance Tools;C:\Program Files (x86)\Windows Kits\10\bin\10.0.19041.0\\x64;C:\Program Files (x86)\Windows Kits\10\bin\\x64;C:\Program Files\Microsoft Visual Studio\2022\Community\\MSBuild\Current\Bin\amd64;C:\Windows\Microsoft.NET\Framework64\v4.0.30319;C:\Program Files\Microsoft Visual Studio\2022\Community\Common7\IDE\;C:\Program Files\Microsoft Visual Studio\2022\Community\Common7\Tools\;C:\Program Files\Microsoft Visual Studio\2022\Community\VC\Tools\MSVC\14.34.31933\bin\HostX64\x64;C:\Program Files\Microsoft Visual Studio\2022\Community\Common7\IDE\VC\VCPackages;C:\Program Files\Microsoft Visual Studio\2022\Community\Common7\IDE\CommonExtensions\Microsoft\TestWindow;C:\Program Files\Microsoft Visual Studio\2022\Community\Common7\IDE\CommonExtensions\Microsoft\TeamFoundation\Team Explorer;C:\Program Files\Microsoft Visual Studio\2022\Community\MSBuild\Current\bin\Roslyn;C:\Program Files\Microsoft Visual Studio\2022\Community\Team Tools\Performance Tools\x64;C:\Program Files\Microsoft Visual Studio\2022\Community\Team Tools\Performance Tools;C:\Program Files (x86)\Windows Kits\10\bin\10.0.19041.0\\x64;C:\Program Files (x86)\Windows Kits\10\bin\\x64;C:\Program Files\Microsoft Visual Studio\2022\Community\\MSBuild\Current\Bin\amd64;C:\Windows\Microsoft.NET\Framework64\v4.0.30319;C:\Program Files\Microsoft Visual Studio\2022\Community\Common7\IDE\;C:\Program Files\Microsoft Visual Studio\2022\Community\Common7\Tools\;%INTEL_DEV_REDIST%redist\intel64_win\compiler;C:\Program Files\NVIDIA GPU Computing Toolkit\CUDA\v11.8\bin;C:\Program Files\NVIDIA GPU Computing Toolkit\CUDA\v11.8\libnvvp;C:\Windows\system32;C:\Windows;C:\Windows\System32\Wbem;C:\Windows\System32\WindowsPowerShell\v1.0\;C:\Windows\System32\OpenSSH\;C:\Program Files\NVIDIA Corporation\NVIDIA NvDLISR;C:\Program Files\Git\cmd;C:\Program Files\CMake\bin;C:\Program Files (x86)\mingw-w64\x86_64-8.1.0-release-posix-seh-rt_v6-rev0\mingw64\bin;C:\Program Files (x86)\NVIDIA Corporation\PhysX\Common;C:\Program Files\NVIDIA Corporation\Nsight Compute 2022.3.0\;C:\Users\ocean\AppData\Local\Packages\PythonSoftwareFoundation.Python.3.10_qbz5n2kfra8p0\LocalCache\local-packages\Python310\Scripts;C:\vcpkg;C:\Program Files\dotnet\;C:\Program Files (x86)\ninja;C:\Program Files\Microsoft Visual Studio\2022\Community\VC\Tools\MSVC\14.33.31629\include;C:\Program Files (x86)\Windows Kits\10\Include;C:\Program Files (x86)\Windows Kits\10\Lib;C:\Program Files\Microsoft Visual Studio\2022\Community\VC\Tools\MSVC\14.34.31933\bin;C:\Program Files\Microsoft Visual Studio\2022\Community\VC\Tools\MSVC\14.34.31933\bin\Hostx64\x64;C:\Program Files\Microsoft Visual Studio\2022\Community\VC\Tools\MSVC\14.34.31933\bin\Hostx64\x64\cl.ext;C:\Program Files\MATLAB\R2022b\bin;C:\Windows\System32\Wbem;C:\Users\ocean\AppData\Local\Microsoft\WindowsApps;C:\Users\ocean\AppData\Local\Programs\Microsoft VS Code\bin;C:\texlive\2022\bin\win32;C:\Users\ocean\AppData\Local\Pandoc\;C:\Program Files\JetBrains\CLion 2022.3\bin;;C:\Program Files\Microsoft Visual Studio\2022\Community\Common7\IDE\CommonExtensions\Microsoft\CMake\CMake\bin;C:\Program Files\Microsoft Visual Studio\2022\Community\Common7\IDE\CommonExtensions\Microsoft\CMake\Ninja;C:\Program Files\Microsoft Visual Studio\2022\Community\Common7\IDE\VC\Linux\bin\ConnectionManagerExe;%INTEL_DEV_REDIST%redist\intel64_win\compiler;C:\Program Files\NVIDIA GPU Computing Toolkit\CUDA\v11.8\bin;C:\Program Files\NVIDIA GPU Computing Toolkit\CUDA\v11.8\libnvvp;C:\Windows\system32;C:\Windows;C:\Windows\System32\Wbem;C:\Windows\System32\WindowsPowerShell\v1.0\;C:\Windows\System32\OpenSSH\;C:\Program Files\NVIDIA Corporation\NVIDIA NvDLISR;C:\Program Files\Git\cmd;C:\Program Files\CMake\bin;C:\Program Files (x86)\mingw-w64\x86_64-8.1.0-release-posix-seh-rt_v6-rev0\mingw64\bin;C:\Program Files (x86)\NVIDIA Corporation\PhysX\Common;C:\Program Files\NVIDIA Corporation\Nsight Compute 2022.3.0\;C:\Users\ocean\AppData\Local\Packages\PythonSoftwareFoundation.Python.3.10_qbz5n2kfra8p0\LocalCache\local-packages\Python310\Scripts;C:\vcpkg;C:\Program Files\dotnet\;C:\Program Files (x86)\ninja;C:\Program Files\Microsoft Visual Studio\2022\Community\VC\Tools\MSVC\14.33.31629\include;C:\Program Files (x86)\Windows Kits\10\Include;C:\Program Files (x86)\Windows Kits\10\Lib;C:\Program Files\Microsoft Visual Studio\2022\Community\VC\Tools\MSVC\14.34.31933\bin;C:\Program Files\Microsoft Visual Studio\2022\Community\VC\Tools\MSVC\14.34.31933\bin\Hostx64\x64;C:\Program Files\Microsoft Visual Studio\2022\Community\VC\Tools\MSVC\14.34.31933\bin\Hostx64\x64\cl.ext;C:\Program Files\MATLAB\R2022b\bin;C:\Windows\System32\Wbem;C:\Users\ocean\AppData\Local\Microsoft\WindowsApps;C:\Users\ocean\AppData\Local\Programs\Microsoft VS Code\bin;C:\texlive\2022\bin\win32;C:\Users\ocean\AppData\Local\Pandoc\;C:\Program Files\JetBrains\CLion 2022.3\bin;;C:\Program Files\JetBrains\CLion 2022.3\bin\ninja\win;C:\Program Files\Microsoft Visual Studio\2022\Community\Common7\IDE\CommonExtensions\Microsoft\CMake\CMake\bin;C:\Program Files\Microsoft Visual Studio\2022\Community\Common7\IDE\CommonExtensions\Microsoft\CMake\Ninja;C:\Program Files\Microsoft Visual Studio\2022\Community\Common7\IDE\VC\Linux\bin\ConnectionManagerExe
#$ _NVVM_BRANCH_=nvvm
#$ _SPACE_= 
#$ _CUDART_=cudart
#$ _HERE_=C:/Program Files/NVIDIA GPU Computing Toolkit/CUDA/v11.8/bin
#$ _THERE_=C:/Program Files/NVIDIA GPU Computing Toolkit/CUDA/v11.8/bin
#$ _TARGET_SIZE_=
#$ _TARGET_DIR_=
#$ _TARGET_SIZE_=64
#$ _WIN_PLATFORM_=x64
#$ TOP=C:/Program Files/NVIDIA GPU Computing Toolkit/CUDA/v11.8/bin/..
#$ NVVMIR_LIBRARY_DIR=C:/Program Files/NVIDIA GPU Computing Toolkit/CUDA/v11.8/bin/../nvvm/libdevice
#$ PATH=C:/Program Files/NVIDIA GPU Computing Toolkit/CUDA/v11.8/bin/../nvvm/bin;C:/Program Files/NVIDIA GPU Computing Toolkit/CUDA/v11.8/bin;C:/Program Files/NVIDIA GPU Computing Toolkit/CUDA/v11.8/bin/../lib;C:\Program Files\Microsoft Visual Studio\2022\Community\VC\Tools\MSVC\14.34.31933\bin\HostX64\x64;C:\Program Files\Microsoft Visual Studio\2022\Community\VC\Tools\MSVC\14.34.31933\bin\HostX64\x64;C:\Program Files\Microsoft Visual Studio\2022\Community\Common7\IDE\VC\VCPackages;C:\Program Files\Microsoft Visual Studio\2022\Community\Common7\IDE\CommonExtensions\Microsoft\TestWindow;C:\Program Files\Microsoft Visual Studio\2022\Community\Common7\IDE\CommonExtensions\Microsoft\TeamFoundation\Team Explorer;C:\Program Files\Microsoft Visual Studio\2022\Community\MSBuild\Current\bin\Roslyn;C:\Program Files\Microsoft Visual Studio\2022\Community\Team Tools\Performance Tools\x64;C:\Program Files\Microsoft Visual Studio\2022\Community\Team Tools\Performance Tools;C:\Program Files (x86)\Windows Kits\10\bin\10.0.19041.0\\x64;C:\Program Files (x86)\Windows Kits\10\bin\\x64;C:\Program Files\Microsoft Visual Studio\2022\Community\\MSBuild\Current\Bin\amd64;C:\Windows\Microsoft.NET\Framework64\v4.0.30319;C:\Program Files\Microsoft Visual Studio\2022\Community\Common7\IDE\;C:\Program Files\Microsoft Visual Studio\2022\Community\Common7\Tools\;C:\Program Files\Microsoft Visual Studio\2022\Community\VC\Tools\MSVC\14.34.31933\bin\HostX64\x64;C:\Program Files\Microsoft Visual Studio\2022\Community\Common7\IDE\VC\VCPackages;C:\Program Files\Microsoft Visual Studio\2022\Community\Common7\IDE\CommonExtensions\Microsoft\TestWindow;C:\Program Files\Microsoft Visual Studio\2022\Community\Common7\IDE\CommonExtensions\Microsoft\TeamFoundation\Team Explorer;C:\Program Files\Microsoft Visual Studio\2022\Community\MSBuild\Current\bin\Roslyn;C:\Program Files\Microsoft Visual Studio\2022\Community\Team Tools\Performance Tools\x64;C:\Program Files\Microsoft Visual Studio\2022\Community\Team Tools\Performance Tools;C:\Program Files (x86)\Windows Kits\10\bin\10.0.19041.0\\x64;C:\Program Files (x86)\Windows Kits\10\bin\\x64;C:\Program Files\Microsoft Visual Studio\2022\Community\\MSBuild\Current\Bin\amd64;C:\Windows\Microsoft.NET\Framework64\v4.0.30319;C:\Program Files\Microsoft Visual Studio\2022\Community\Common7\IDE\;C:\Program Files\Microsoft Visual Studio\2022\Community\Common7\Tools\;%INTEL_DEV_REDIST%redist\intel64_win\compiler;C:\Program Files\NVIDIA GPU Computing Toolkit\CUDA\v11.8\bin;C:\Program Files\NVIDIA GPU Computing Toolkit\CUDA\v11.8\libnvvp;C:\Windows\system32;C:\Windows;C:\Windows\System32\Wbem;C:\Windows\System32\WindowsPowerShell\v1.0\;C:\Windows\System32\OpenSSH\;C:\Program Files\NVIDIA Corporation\NVIDIA NvDLISR;C:\Program Files\Git\cmd;C:\Program Files\CMake\bin;C:\Program Files (x86)\mingw-w64\x86_64-8.1.0-release-posix-seh-rt_v6-rev0\mingw64\bin;C:\Program Files (x86)\NVIDIA Corporation\PhysX\Common;C:\Program Files\NVIDIA Corporation\Nsight Compute 2022.3.0\;C:\Users\ocean\AppData\Local\Packages\PythonSoftwareFoundation.Python.3.10_qbz5n2kfra8p0\LocalCache\local-packages\Python310\Scripts;C:\vcpkg;C:\Program Files\dotnet\;C:\Program Files (x86)\ninja;C:\Program Files\Microsoft Visual Studio\2022\Community\VC\Tools\MSVC\14.33.31629\include;C:\Program Files (x86)\Windows Kits\10\Include;C:\Program Files (x86)\Windows Kits\10\Lib;C:\Program Files\Microsoft Visual Studio\2022\Community\VC\Tools\MSVC\14.34.31933\bin;C:\Program Files\Microsoft Visual Studio\2022\Community\VC\Tools\MSVC\14.34.31933\bin\Hostx64\x64;C:\Program Files\Microsoft Visual Studio\2022\Community\VC\Tools\MSVC\14.34.31933\bin\Hostx64\x64\cl.ext;C:\Program Files\MATLAB\R2022b\bin;C:\Windows\System32\Wbem;C:\Users\ocean\AppData\Local\Microsoft\WindowsApps;C:\Users\ocean\AppData\Local\Programs\Microsoft VS Code\bin;C:\texlive\2022\bin\win32;C:\Users\ocean\AppData\Local\Pandoc\;C:\Program Files\JetBrains\CLion 2022.3\bin;;C:\Program Files\Microsoft Visual Studio\2022\Community\Common7\IDE\CommonExtensions\Microsoft\CMake\CMake\bin;C:\Program Files\Microsoft Visual Studio\2022\Community\Common7\IDE\CommonExtensions\Microsoft\CMake\Ninja;C:\Program Files\Microsoft Visual Studio\2022\Community\Common7\IDE\VC\Linux\bin\ConnectionManagerExe;%INTEL_DEV_REDIST%redist\intel64_win\compiler;C:\Program Files\NVIDIA GPU Computing Toolkit\CUDA\v11.8\bin;C:\Program Files\NVIDIA GPU Computing Toolkit\CUDA\v11.8\libnvvp;C:\Windows\system32;C:\Windows;C:\Windows\System32\Wbem;C:\Windows\System32\WindowsPowerShell\v1.0\;C:\Windows\System32\OpenSSH\;C:\Program Files\NVIDIA Corporation\NVIDIA NvDLISR;C:\Program Files\Git\cmd;C:\Program Files\CMake\bin;C:\Program Files (x86)\mingw-w64\x86_64-8.1.0-release-posix-seh-rt_v6-rev0\mingw64\bin;C:\Program Files (x86)\NVIDIA Corporation\PhysX\Common;C:\Program Files\NVIDIA Corporation\Nsight Compute 2022.3.0\;C:\Users\ocean\AppData\Local\Packages\PythonSoftwareFoundation.Python.3.10_qbz5n2kfra8p0\LocalCache\local-packages\Python310\Scripts;C:\vcpkg;C:\Program Files\dotnet\;C:\Program Files (x86)\ninja;C:\Program Files\Microsoft Visual Studio\2022\Community\VC\Tools\MSVC\14.33.31629\include;C:\Program Files (x86)\Windows Kits\10\Include;C:\Program Files (x86)\Windows Kits\10\Lib;C:\Program Files\Microsoft Visual Studio\2022\Community\VC\Tools\MSVC\14.34.31933\bin;C:\Program Files\Microsoft Visual Studio\2022\Community\VC\Tools\MSVC\14.34.31933\bin\Hostx64\x64;C:\Program Files\Microsoft Visual Studio\2022\Community\VC\Tools\MSVC\14.34.31933\bin\Hostx64\x64\cl.ext;C:\Program Files\MATLAB\R2022b\bin;C:\Windows\System32\Wbem;C:\Users\ocean\AppData\Local\Microsoft\WindowsApps;C:\Users\ocean\AppData\Local\Programs\Microsoft VS Code\bin;C:\texlive\2022\bin\win32;C:\Users\ocean\AppData\Local\Pandoc\;C:\Program Files\JetBrains\CLion 2022.3\bin;;C:\Program Files\JetBrains\CLion 2022.3\bin\ninja\win;C:\Program Files\Microsoft Visual Studio\2022\Community\Common7\IDE\CommonExtensions\Microsoft\CMake\CMake\bin;C:\Program Files\Microsoft Visual Studio\2022\Community\Common7\IDE\CommonExtensions\Microsoft\CMake\Ninja;C:\Program Files\Microsoft Visual Studio\2022\Community\Common7\IDE\VC\Linux\bin\ConnectionManagerExe
#$ INCLUDES="-IC:/Program Files/NVIDIA GPU Computing Toolkit/CUDA/v11.8/bin/../include"  
#$ LIBRARIES=  "/LIBPATH:C:/Program Files/NVIDIA GPU Computing Toolkit/CUDA/v11.8/bin/../lib/x64"
#$ CUDAFE_FLAGS=
#$ PTXAS_FLAGS=
#$ erase tmp/a_dlink.reg.c
CMakeCUDACompilerId.cu
#$ cl.exe @"tmp/CMakeCUDACompilerId.cpp1.ii.res" > "tmp/CMakeCUDACompilerId.cpp1.ii" 
CMakeCUDACompilerId.cu
#$ cicc --microsoft_version=1934 --msvc_target_version=1934 --compiler_bindir "C:/Program Files/Microsoft Visual Studio/2022/Community/VC/Tools/MSVC/14.34.31933/bin/HostX64/x64/../../../../../../.." --sdk_dir "C:/Program Files (x86)/Windows Kits/10/" --display_error_number --orig_src_file_name "CMakeCUDACompilerId.cu" --orig_src_path_name "C:\Users\ocean\Desktop\CS121\project\Mandelbrot-set-GPU\cmake-build-debug\CMakeFiles\3.24.2\CompilerIdCUDA\CMakeCUDACompilerId.cu" --allow_managed  -arch compute_52 -m64 --no-version-ident -ftz=0 -prec_div=1 -prec_sqrt=1 -fmad=1 --include_file_name "CMakeCUDACompilerId.fatbin.c" -tused --gen_module_id_file --module_id_file_name "tmp/CMakeCUDACompilerId.module_id" --gen_c_file_name "tmp/CMakeCUDACompilerId.cudafe1.c" --stub_file_name "tmp/CMakeCUDACompilerId.cudafe1.stub.c" --gen_device_file_name "tmp/CMakeCUDACompilerId.cudafe1.gpu"  "tmp/CMakeCUDACompilerId.cpp1.ii" -o "tmp/CMakeCUDACompilerId.ptx"
#$ ptxas -arch=sm_52 -m64 "tmp/CMakeCUDACompilerId.ptx"  -o "tmp/CMakeCUDACompilerId.sm_52.cubin" 
#$ fatbinary --create="tmp/CMakeCUDACompilerId.fatbin" -64 --cicc-cmdline="-ftz=0 -prec_div=1 -prec_sqrt=1 -fmad=1 " "--image3=kind=elf,sm=52,file=tmp/CMakeCUDACompilerId.sm_52.cubin" "--image3=kind=ptx,sm=52,file=tmp/CMakeCUDACompilerId.ptx" --embedded-fatbin="tmp/CMakeCUDACompilerId.fatbin.c" 
#$ cl.exe @"tmp/CMakeCUDACompilerId.cpp4.ii.res" > "tmp/CMakeCUDACompilerId.cpp4.ii" 
CMakeCUDACompilerId.cu
#$ cudafe++ --microsoft_version=1934 --msvc_target_version=1934 --compiler_bindir "C:/Program Files/Microsoft Visual Studio/2022/Community/VC/Tools/MSVC/14.34.31933/bin/HostX64/x64/../../../../../../.." --sdk_dir "C:/Program Files (x86)/Windows Kits/10/" --display_error_number --orig_src_file_name "CMakeCUDACompilerId.cu" --orig_src_path_name "C:\Users\ocean\Desktop\CS121\project\Mandelbrot-set-GPU\cmake-build-debug\CMakeFiles\3.24.2\CompilerIdCUDA\CMakeCUDACompilerId.cu" --allow_managed --m64 --parse_templates --gen_c_file_name "tmp/CMakeCUDACompilerId.cudafe1.cpp" --stub_file_name "CMakeCUDACompilerId.cudafe1.stub.c" --module_id_file_name "tmp/CMakeCUDACompilerId.module_id" "tmp/CMakeCUDACompilerId.cpp4.ii" 
#$ cl.exe @"tmp/CMakeCUDACompilerId.obj.res" -Fo"tmp/CMakeCUDACompilerId.obj" 
CMakeCUDACompilerId.cudafe1.cpp
#$ nvlink -optf "tmp/a_dlink.sm_52.cubin.optf"
#$ fatbinary --create="tmp/a_dlink.fatbin" -64 --cicc-cmdline="-ftz=0 -prec_div=1 -prec_sqrt=1 -fmad=1 " -link "--image3=kind=elf,sm=52,file=tmp/a_dlink.sm_52.cubin" --embedded-fatbin="tmp/a_dlink.fatbin.c" 
#$ cl.exe @"tmp/a_dlink.obj.res" -Fo"tmp/a_dlink.obj" 
link.stub
#$ cl.exe @"tmp/a.exe.res" -Fe"a.exe" 
  正在创建库 a.lib 和对象 a.exp


Compilation of the CUDA compiler identification source "CMakeCUDACompilerId.cu" produced "a.exe"

Compilation of the CUDA compiler identification source "CMakeCUDACompilerId.cu" produced "a.exp"

Compilation of the CUDA compiler identification source "CMakeCUDACompilerId.cu" produced "a.lib"

The CUDA compiler identification is NVIDIA, found in "C:/Users/ocean/Desktop/CS121/project/Mandelbrot-set-GPU/cmake-build-debug/CMakeFiles/3.24.2/CompilerIdCUDA/a.exe"

Parsed CUDA nvcc implicit link information from above output:
  found 'PATH=' string: [C:\Program Files\Microsoft Visual Studio\2022\Community\VC\Tools\MSVC\14.34.31933\bin\HostX64\x64;C:\Program Files\Microsoft Visual Studio\2022\Community\VC\Tools\MSVC\14.34.31933\bin\HostX64\x64;C:\Program Files\Microsoft Visual Studio\2022\Community\Common7\IDE\VC\VCPackages;C:\Program Files\Microsoft Visual Studio\2022\Community\Common7\IDE\CommonExtensions\Microsoft\TestWindow;C:\Program Files\Microsoft Visual Studio\2022\Community\Common7\IDE\CommonExtensions\Microsoft\TeamFoundation\Team Explorer;C:\Program Files\Microsoft Visual Studio\2022\Community\MSBuild\Current\bin\Roslyn;C:\Program Files\Microsoft Visual Studio\2022\Community\Team Tools\Performance Tools\x64;C:\Program Files\Microsoft Visual Studio\2022\Community\Team Tools\Performance Tools;C:\Program Files (x86)\Windows Kits\10\bin\10.0.19041.0\\x64;C:\Program Files (x86)\Windows Kits\10\bin\\x64;C:\Program Files\Microsoft Visual Studio\2022\Community\\MSBuild\Current\Bin\amd64;C:\Windows\Microsoft.NET\Framework64\v4.0.30319;C:\Program Files\Microsoft Visual Studio\2022\Community\Common7\IDE\;C:\Program Files\Microsoft Visual Studio\2022\Community\Common7\Tools\;C:\Program Files\Microsoft Visual Studio\2022\Community\VC\Tools\MSVC\14.34.31933\bin\HostX64\x64;C:\Program Files\Microsoft Visual Studio\2022\Community\Common7\IDE\VC\VCPackages;C:\Program Files\Microsoft Visual Studio\2022\Community\Common7\IDE\CommonExtensions\Microsoft\TestWindow;C:\Program Files\Microsoft Visual Studio\2022\Community\Common7\IDE\CommonExtensions\Microsoft\TeamFoundation\Team Explorer;C:\Program Files\Microsoft Visual Studio\2022\Community\MSBuild\Current\bin\Roslyn;C:\Program Files\Microsoft Visual Studio\2022\Community\Team Tools\Performance Tools\x64;C:\Program Files\Microsoft Visual Studio\2022\Community\Team Tools\Performance Tools;C:\Program Files (x86)\Windows Kits\10\bin\10.0.19041.0\\x64;C:\Program Files (x86)\Windows Kits\10\bin\\x64;C:\Program Files\Microsoft Visual Studio\2022\Community\\MSBuild\Current\Bin\amd64;C:\Windows\Microsoft.NET\Framework64\v4.0.30319;C:\Program Files\Microsoft Visual Studio\2022\Community\Common7\IDE\;C:\Program Files\Microsoft Visual Studio\2022\Community\Common7\Tools\;%INTEL_DEV_REDIST%redist\intel64_win\compiler;C:\Program Files\NVIDIA GPU Computing Toolkit\CUDA\v11.8\bin;C:\Program Files\NVIDIA GPU Computing Toolkit\CUDA\v11.8\libnvvp;C:\Windows\system32;C:\Windows;C:\Windows\System32\Wbem;C:\Windows\System32\WindowsPowerShell\v1.0\;C:\Windows\System32\OpenSSH\;C:\Program Files\NVIDIA Corporation\NVIDIA NvDLISR;C:\Program Files\Git\cmd;C:\Program Files\CMake\bin;C:\Program Files (x86)\mingw-w64\x86_64-8.1.0-release-posix-seh-rt_v6-rev0\mingw64\bin;C:\Program Files (x86)\NVIDIA Corporation\PhysX\Common;C:\Program Files\NVIDIA Corporation\Nsight Compute 2022.3.0\;C:\Users\ocean\AppData\Local\Packages\PythonSoftwareFoundation.Python.3.10_qbz5n2kfra8p0\LocalCache\local-packages\Python310\Scripts;C:\vcpkg;C:\Program Files\dotnet\;C:\Program Files (x86)\ninja;C:\Program Files\Microsoft Visual Studio\2022\Community\VC\Tools\MSVC\14.33.31629\include;C:\Program Files (x86)\Windows Kits\10\Include;C:\Program Files (x86)\Windows Kits\10\Lib;C:\Program Files\Microsoft Visual Studio\2022\Community\VC\Tools\MSVC\14.34.31933\bin;C:\Program Files\Microsoft Visual Studio\2022\Community\VC\Tools\MSVC\14.34.31933\bin\Hostx64\x64;C:\Program Files\Microsoft Visual Studio\2022\Community\VC\Tools\MSVC\14.34.31933\bin\Hostx64\x64\cl.ext;C:\Program Files\MATLAB\R2022b\bin;C:\Windows\System32\Wbem;C:\Users\ocean\AppData\Local\Microsoft\WindowsApps;C:\Users\ocean\AppData\Local\Programs\Microsoft VS Code\bin;C:\texlive\2022\bin\win32;C:\Users\ocean\AppData\Local\Pandoc\;C:\Program Files\JetBrains\CLion 2022.3\bin;;C:\Program Files\Microsoft Visual Studio\2022\Community\Common7\IDE\CommonExtensions\Microsoft\CMake\CMake\bin;C:\Program Files\Microsoft Visual Studio\2022\Community\Common7\IDE\CommonExtensions\Microsoft\CMake\Ninja;C:\Program Files\Microsoft Visual Studio\2022\Community\Common7\IDE\VC\Linux\bin\ConnectionManagerExe;%INTEL_DEV_REDIST%redist\intel64_win\compiler;C:\Program Files\NVIDIA GPU Computing Toolkit\CUDA\v11.8\bin;C:\Program Files\NVIDIA GPU Computing Toolkit\CUDA\v11.8\libnvvp;C:\Windows\system32;C:\Windows;C:\Windows\System32\Wbem;C:\Windows\System32\WindowsPowerShell\v1.0\;C:\Windows\System32\OpenSSH\;C:\Program Files\NVIDIA Corporation\NVIDIA NvDLISR;C:\Program Files\Git\cmd;C:\Program Files\CMake\bin;C:\Program Files (x86)\mingw-w64\x86_64-8.1.0-release-posix-seh-rt_v6-rev0\mingw64\bin;C:\Program Files (x86)\NVIDIA Corporation\PhysX\Common;C:\Program Files\NVIDIA Corporation\Nsight Compute 2022.3.0\;C:\Users\ocean\AppData\Local\Packages\PythonSoftwareFoundation.Python.3.10_qbz5n2kfra8p0\LocalCache\local-packages\Python310\Scripts;C:\vcpkg;C:\Program Files\dotnet\;C:\Program Files (x86)\ninja;C:\Program Files\Microsoft Visual Studio\2022\Community\VC\Tools\MSVC\14.33.31629\include;C:\Program Files (x86)\Windows Kits\10\Include;C:\Program Files (x86)\Windows Kits\10\Lib;C:\Program Files\Microsoft Visual Studio\2022\Community\VC\Tools\MSVC\14.34.31933\bin;C:\Program Files\Microsoft Visual Studio\2022\Community\VC\Tools\MSVC\14.34.31933\bin\Hostx64\x64;C:\Program Files\Microsoft Visual Studio\2022\Community\VC\Tools\MSVC\14.34.31933\bin\Hostx64\x64\cl.ext;C:\Program Files\MATLAB\R2022b\bin;C:\Windows\System32\Wbem;C:\Users\ocean\AppData\Local\Microsoft\WindowsApps;C:\Users\ocean\AppData\Local\Programs\Microsoft VS Code\bin;C:\texlive\2022\bin\win32;C:\Users\ocean\AppData\Local\Pandoc\;C:\Program Files\JetBrains\CLion 2022.3\bin;;C:\Program Files\JetBrains\CLion 2022.3\bin\ninja\win;C:\Program Files\Microsoft Visual Studio\2022\Community\Common7\IDE\CommonExtensions\Microsoft\CMake\CMake\bin;C:\Program Files\Microsoft Visual Studio\2022\Community\Common7\IDE\CommonExtensions\Microsoft\CMake\Ninja;C:\Program Files\Microsoft Visual Studio\2022\Community\Common7\IDE\VC\Linux\bin\ConnectionManagerExe]
  found 'LIBRARIES=' string: ["/LIBPATH:C:/Program Files/NVIDIA GPU Computing Toolkit/CUDA/v11.8/bin/../lib/x64"]
  considering line: []
  considering line: [C:\Users\ocean\Desktop\CS121\project\Mandelbrot-set-GPU\cmake-build-debug\CMakeFiles\3.24.2\CompilerIdCUDA>call "C:/Program Files/Microsoft Visual Studio/2022/Community/VC/Tools/MSVC/14.34.31933/bin/HostX64/x64/../../../../../../../VC/Auxiliary/Build/vcvars64.bat" ]
  considering line: [**********************************************************************]
  considering line: [** Visual Studio 2022 Developer Command Prompt v17.4.2]
  considering line: [** Copyright (c) 2022 Microsoft Corporation]
  considering line: [**********************************************************************]
  considering line: [[vcvarsall.bat] Environment initialized for: 'x64']
  considering line: [C:/Program Files/Microsoft Visual Studio/2022/Community/VC/Tools/MSVC/14.34.31933/bin/HostX64/x64/../../../../../../../VC/Auxiliary/Build/vcvars64.bat]
  considering line: [erase tmp/a_dlink.reg.c]
  considering line: [CMakeCUDACompilerId.cu]
  considering line: [cl.exe @"tmp/CMakeCUDACompilerId.cpp1.ii.res" > "tmp/CMakeCUDACompilerId.cpp1.ii" ]
  considering line: [CMakeCUDACompilerId.cu]
  considering line: [cicc --microsoft_version=1934 --msvc_target_version=1934 --compiler_bindir "C:/Program Files/Microsoft Visual Studio/2022/Community/VC/Tools/MSVC/14.34.31933/bin/HostX64/x64/../../../../../../.." --sdk_dir "C:/Program Files (x86)/Windows Kits/10/" --display_error_number --orig_src_file_name "CMakeCUDACompilerId.cu" --orig_src_path_name "C:\Users\ocean\Desktop\CS121\project\Mandelbrot-set-GPU\cmake-build-debug\CMakeFiles\3.24.2\CompilerIdCUDA\CMakeCUDACompilerId.cu" --allow_managed  -arch compute_52 -m64 --no-version-ident -ftz=0 -prec_div=1 -prec_sqrt=1 -fmad=1 --include_file_name "CMakeCUDACompilerId.fatbin.c" -tused --gen_module_id_file --module_id_file_name "tmp/CMakeCUDACompilerId.module_id" --gen_c_file_name "tmp/CMakeCUDACompilerId.cudafe1.c" --stub_file_name "tmp/CMakeCUDACompilerId.cudafe1.stub.c" --gen_device_file_name "tmp/CMakeCUDACompilerId.cudafe1.gpu"  "tmp/CMakeCUDACompilerId.cpp1.ii" -o "tmp/CMakeCUDACompilerId.ptx"]
  considering line: [ptxas -arch=sm_52 -m64 "tmp/CMakeCUDACompilerId.ptx"  -o "tmp/CMakeCUDACompilerId.sm_52.cubin" ]
  considering line: [fatbinary --create="tmp/CMakeCUDACompilerId.fatbin" -64 --cicc-cmdline="-ftz=0 -prec_div=1 -prec_sqrt=1 -fmad=1 " "--image3=kind=elf,sm=52,file=tmp/CMakeCUDACompilerId.sm_52.cubin" "--image3=kind=ptx,sm=52,file=tmp/CMakeCUDACompilerId.ptx" --embedded-fatbin="tmp/CMakeCUDACompilerId.fatbin.c" ]
  considering line: [cl.exe @"tmp/CMakeCUDACompilerId.cpp4.ii.res" > "tmp/CMakeCUDACompilerId.cpp4.ii" ]
  considering line: [CMakeCUDACompilerId.cu]
  considering line: [cudafe++ --microsoft_version=1934 --msvc_target_version=1934 --compiler_bindir "C:/Program Files/Microsoft Visual Studio/2022/Community/VC/Tools/MSVC/14.34.31933/bin/HostX64/x64/../../../../../../.." --sdk_dir "C:/Program Files (x86)/Windows Kits/10/" --display_error_number --orig_src_file_name "CMakeCUDACompilerId.cu" --orig_src_path_name "C:\Users\ocean\Desktop\CS121\project\Mandelbrot-set-GPU\cmake-build-debug\CMakeFiles\3.24.2\CompilerIdCUDA\CMakeCUDACompilerId.cu" --allow_managed --m64 --parse_templates --gen_c_file_name "tmp/CMakeCUDACompilerId.cudafe1.cpp" --stub_file_name "CMakeCUDACompilerId.cudafe1.stub.c" --module_id_file_name "tmp/CMakeCUDACompilerId.module_id" "tmp/CMakeCUDACompilerId.cpp4.ii" ]
  considering line: [cl.exe @"tmp/CMakeCUDACompilerId.obj.res" -Fo"tmp/CMakeCUDACompilerId.obj" ]
  considering line: [CMakeCUDACompilerId.cudafe1.cpp]
  considering line: [nvlink -optf "tmp/a_dlink.sm_52.cubin.optf"]
    ignoring nvlink line
  considering line: [fatbinary --create="tmp/a_dlink.fatbin" -64 --cicc-cmdline="-ftz=0 -prec_div=1 -prec_sqrt=1 -fmad=1 " -link "--image3=kind=elf,sm=52,file=tmp/a_dlink.sm_52.cubin" --embedded-fatbin="tmp/a_dlink.fatbin.c" ]
  considering line: [cl.exe @"tmp/a_dlink.obj.res" -Fo"tmp/a_dlink.obj" ]
  considering line: [link.stub]
  considering line: [cl.exe @"tmp/a.exe.res" -Fe"a.exe" ]
    extracted link line: [cl.exe -D__CUDA_ARCH_LIST__=520 -nologo "C:\Users\ocean\Desktop\CS121\project\Mandelbrot-set-GPU\cmake-build-debug\CMakeFiles\3.24.2\CompilerIdCUDA\tmp\a_dlink.obj" "C:\Users\ocean\Desktop\CS121\project\Mandelbrot-set-GPU\cmake-build-debug\CMakeFiles\3.24.2\CompilerIdCUDA\tmp\CMakeCUDACompilerId.obj" -link -INCREMENTAL:NO   "/LIBPATH:C:/Program Files/NVIDIA GPU Computing Toolkit/CUDA/v11.8/bin/../lib/x64"  cudadevrt.lib  cudart_static.lib -Fe"a.exe" ]
  considering line: [  正在创建库 a.lib 和对象 a.exp]
  considering line: []

  link line regex: [^( *|.*[/\])(link\.exe|CMAKE_LINK_STARTFILE-NOTFOUND|([^/\]+-)?ld|collect2)[^/\]*( |$)]
  link line: [cuda-fake-ld cl.exe -D__CUDA_ARCH_LIST__=520 -nologo "C:\Users\ocean\Desktop\CS121\project\Mandelbrot-set-GPU\cmake-build-debug\CMakeFiles\3.24.2\CompilerIdCUDA\tmp\a_dlink.obj" "C:\Users\ocean\Desktop\CS121\project\Mandelbrot-set-GPU\cmake-build-debug\CMakeFiles\3.24.2\CompilerIdCUDA\tmp\CMakeCUDACompilerId.obj" -link -INCREMENTAL:NO   "/LIBPATH:C:/Program Files/NVIDIA GPU Computing Toolkit/CUDA/v11.8/bin/../lib/x64"  cudadevrt.lib  cudart_static.lib -Fe"a.exe" ]
    arg [cuda-fake-ld] ==> ignore
    arg [cl.exe] ==> recognize MSVC cl
    arg [-D__CUDA_ARCH_LIST__=520] ==> ignore
    arg [-nologo] ==> ignore
    arg [C:\Users\ocean\Desktop\CS121\project\Mandelbrot-set-GPU\cmake-build-debug\CMakeFiles\3.24.2\CompilerIdCUDA\tmp\a_dlink.obj] ==> ignore
    arg [C:\Users\ocean\Desktop\CS121\project\Mandelbrot-set-GPU\cmake-build-debug\CMakeFiles\3.24.2\CompilerIdCUDA\tmp\CMakeCUDACompilerId.obj] ==> ignore
    arg [-link] ==> ignore MSVC cl option
    arg [-INCREMENTAL:NO] ==> ignore
    arg [/LIBPATH:C:/Program Files/NVIDIA GPU Computing Toolkit/CUDA/v11.8/bin/../lib/x64] ==> dir [C:/Program Files/NVIDIA GPU Computing Toolkit/CUDA/v11.8/bin/../lib/x64]
    arg [cudadevrt.lib] ==> lib [cudadevrt.lib]
    arg [cudart_static.lib] ==> lib [cudart_static.lib]
    arg [-Fea.exe] ==> ignore
  collapse library dir [C:/Program Files/NVIDIA GPU Computing Toolkit/CUDA/v11.8/bin/../lib/x64] ==> [C:/Program Files/NVIDIA GPU Computing Toolkit/CUDA/v11.8/lib/x64]
  implicit libs: [cudadevrt.lib;cudart_static.lib]
  implicit objs: []
  implicit dirs: [C:/Program Files/NVIDIA GPU Computing Toolkit/CUDA/v11.8/lib/x64]
  implicit fwks: []


Parsed CUDA nvcc include information from above output:
  found 'PATH=' string: [C:\Program Files\Microsoft Visual Studio\2022\Community\VC\Tools\MSVC\14.34.31933\bin\HostX64\x64;C:\Program Files\Microsoft Visual Studio\2022\Community\VC\Tools\MSVC\14.34.31933\bin\HostX64\x64;C:\Program Files\Microsoft Visual Studio\2022\Community\Common7\IDE\VC\VCPackages;C:\Program Files\Microsoft Visual Studio\2022\Community\Common7\IDE\CommonExtensions\Microsoft\TestWindow;C:\Program Files\Microsoft Visual Studio\2022\Community\Common7\IDE\CommonExtensions\Microsoft\TeamFoundation\Team Explorer;C:\Program Files\Microsoft Visual Studio\2022\Community\MSBuild\Current\bin\Roslyn;C:\Program Files\Microsoft Visual Studio\2022\Community\Team Tools\Performance Tools\x64;C:\Program Files\Microsoft Visual Studio\2022\Community\Team Tools\Performance Tools;C:\Program Files (x86)\Windows Kits\10\bin\10.0.19041.0\\x64;C:\Program Files (x86)\Windows Kits\10\bin\\x64;C:\Program Files\Microsoft Visual Studio\2022\Community\\MSBuild\Current\Bin\amd64;C:\Windows\Microsoft.NET\Framework64\v4.0.30319;C:\Program Files\Microsoft Visual Studio\2022\Community\Common7\IDE\;C:\Program Files\Microsoft Visual Studio\2022\Community\Common7\Tools\;C:\Program Files\Microsoft Visual Studio\2022\Community\VC\Tools\MSVC\14.34.31933\bin\HostX64\x64;C:\Program Files\Microsoft Visual Studio\2022\Community\Common7\IDE\VC\VCPackages;C:\Program Files\Microsoft Visual Studio\2022\Community\Common7\IDE\CommonExtensions\Microsoft\TestWindow;C:\Program Files\Microsoft Visual Studio\2022\Community\Common7\IDE\CommonExtensions\Microsoft\TeamFoundation\Team Explorer;C:\Program Files\Microsoft Visual Studio\2022\Community\MSBuild\Current\bin\Roslyn;C:\Program Files\Microsoft Visual Studio\2022\Community\Team Tools\Performance Tools\x64;C:\Program Files\Microsoft Visual Studio\2022\Community\Team Tools\Performance Tools;C:\Program Files (x86)\Windows Kits\10\bin\10.0.19041.0\\x64;C:\Program Files (x86)\Windows Kits\10\bin\\x64;C:\Program Files\Microsoft Visual Studio\2022\Community\\MSBuild\Current\Bin\amd64;C:\Windows\Microsoft.NET\Framework64\v4.0.30319;C:\Program Files\Microsoft Visual Studio\2022\Community\Common7\IDE\;C:\Program Files\Microsoft Visual Studio\2022\Community\Common7\Tools\;%INTEL_DEV_REDIST%redist\intel64_win\compiler;C:\Program Files\NVIDIA GPU Computing Toolkit\CUDA\v11.8\bin;C:\Program Files\NVIDIA GPU Computing Toolkit\CUDA\v11.8\libnvvp;C:\Windows\system32;C:\Windows;C:\Windows\System32\Wbem;C:\Windows\System32\WindowsPowerShell\v1.0\;C:\Windows\System32\OpenSSH\;C:\Program Files\NVIDIA Corporation\NVIDIA NvDLISR;C:\Program Files\Git\cmd;C:\Program Files\CMake\bin;C:\Program Files (x86)\mingw-w64\x86_64-8.1.0-release-posix-seh-rt_v6-rev0\mingw64\bin;C:\Program Files (x86)\NVIDIA Corporation\PhysX\Common;C:\Program Files\NVIDIA Corporation\Nsight Compute 2022.3.0\;C:\Users\ocean\AppData\Local\Packages\PythonSoftwareFoundation.Python.3.10_qbz5n2kfra8p0\LocalCache\local-packages\Python310\Scripts;C:\vcpkg;C:\Program Files\dotnet\;C:\Program Files (x86)\ninja;C:\Program Files\Microsoft Visual Studio\2022\Community\VC\Tools\MSVC\14.33.31629\include;C:\Program Files (x86)\Windows Kits\10\Include;C:\Program Files (x86)\Windows Kits\10\Lib;C:\Program Files\Microsoft Visual Studio\2022\Community\VC\Tools\MSVC\14.34.31933\bin;C:\Program Files\Microsoft Visual Studio\2022\Community\VC\Tools\MSVC\14.34.31933\bin\Hostx64\x64;C:\Program Files\Microsoft Visual Studio\2022\Community\VC\Tools\MSVC\14.34.31933\bin\Hostx64\x64\cl.ext;C:\Program Files\MATLAB\R2022b\bin;C:\Windows\System32\Wbem;C:\Users\ocean\AppData\Local\Microsoft\WindowsApps;C:\Users\ocean\AppData\Local\Programs\Microsoft VS Code\bin;C:\texlive\2022\bin\win32;C:\Users\ocean\AppData\Local\Pandoc\;C:\Program Files\JetBrains\CLion 2022.3\bin;;C:\Program Files\Microsoft Visual Studio\2022\Community\Common7\IDE\CommonExtensions\Microsoft\CMake\CMake\bin;C:\Program Files\Microsoft Visual Studio\2022\Community\Common7\IDE\CommonExtensions\Microsoft\CMake\Ninja;C:\Program Files\Microsoft Visual Studio\2022\Community\Common7\IDE\VC\Linux\bin\ConnectionManagerExe;%INTEL_DEV_REDIST%redist\intel64_win\compiler;C:\Program Files\NVIDIA GPU Computing Toolkit\CUDA\v11.8\bin;C:\Program Files\NVIDIA GPU Computing Toolkit\CUDA\v11.8\libnvvp;C:\Windows\system32;C:\Windows;C:\Windows\System32\Wbem;C:\Windows\System32\WindowsPowerShell\v1.0\;C:\Windows\System32\OpenSSH\;C:\Program Files\NVIDIA Corporation\NVIDIA NvDLISR;C:\Program Files\Git\cmd;C:\Program Files\CMake\bin;C:\Program Files (x86)\mingw-w64\x86_64-8.1.0-release-posix-seh-rt_v6-rev0\mingw64\bin;C:\Program Files (x86)\NVIDIA Corporation\PhysX\Common;C:\Program Files\NVIDIA Corporation\Nsight Compute 2022.3.0\;C:\Users\ocean\AppData\Local\Packages\PythonSoftwareFoundation.Python.3.10_qbz5n2kfra8p0\LocalCache\local-packages\Python310\Scripts;C:\vcpkg;C:\Program Files\dotnet\;C:\Program Files (x86)\ninja;C:\Program Files\Microsoft Visual Studio\2022\Community\VC\Tools\MSVC\14.33.31629\include;C:\Program Files (x86)\Windows Kits\10\Include;C:\Program Files (x86)\Windows Kits\10\Lib;C:\Program Files\Microsoft Visual Studio\2022\Community\VC\Tools\MSVC\14.34.31933\bin;C:\Program Files\Microsoft Visual Studio\2022\Community\VC\Tools\MSVC\14.34.31933\bin\Hostx64\x64;C:\Program Files\Microsoft Visual Studio\2022\Community\VC\Tools\MSVC\14.34.31933\bin\Hostx64\x64\cl.ext;C:\Program Files\MATLAB\R2022b\bin;C:\Windows\System32\Wbem;C:\Users\ocean\AppData\Local\Microsoft\WindowsApps;C:\Users\ocean\AppData\Local\Programs\Microsoft VS Code\bin;C:\texlive\2022\bin\win32;C:\Users\ocean\AppData\Local\Pandoc\;C:\Program Files\JetBrains\CLion 2022.3\bin;;C:\Program Files\JetBrains\CLion 2022.3\bin\ninja\win;C:\Program Files\Microsoft Visual Studio\2022\Community\Common7\IDE\CommonExtensions\Microsoft\CMake\CMake\bin;C:\Program Files\Microsoft Visual Studio\2022\Community\Common7\IDE\CommonExtensions\Microsoft\CMake\Ninja;C:\Program Files\Microsoft Visual Studio\2022\Community\Common7\IDE\VC\Linux\bin\ConnectionManagerExe]
  found 'LIBRARIES=' string: ["/LIBPATH:C:/Program Files/NVIDIA GPU Computing Toolkit/CUDA/v11.8/bin/../lib/x64"]
  considering line: []
  considering line: [C:\Users\ocean\Desktop\CS121\project\Mandelbrot-set-GPU\cmake-build-debug\CMakeFiles\3.24.2\CompilerIdCUDA>call "C:/Program Files/Microsoft Visual Studio/2022/Community/VC/Tools/MSVC/14.34.31933/bin/HostX64/x64/../../../../../../../VC/Auxiliary/Build/vcvars64.bat" ]
  considering line: [**********************************************************************]
  considering line: [** Visual Studio 2022 Developer Command Prompt v17.4.2]
  considering line: [** Copyright (c) 2022 Microsoft Corporation]
  considering line: [**********************************************************************]
  considering line: [[vcvarsall.bat] Environment initialized for: 'x64']
  considering line: [C:/Program Files/Microsoft Visual Studio/2022/Community/VC/Tools/MSVC/14.34.31933/bin/HostX64/x64/../../../../../../../VC/Auxiliary/Build/vcvars64.bat]
  considering line: [erase tmp/a_dlink.reg.c]
  considering line: [CMakeCUDACompilerId.cu]
  considering line: [cl.exe @"tmp/CMakeCUDACompilerId.cpp1.ii.res" > "tmp/CMakeCUDACompilerId.cpp1.ii" ]
  considering line: [CMakeCUDACompilerId.cu]
  considering line: [cicc --microsoft_version=1934 --msvc_target_version=1934 --compiler_bindir "C:/Program Files/Microsoft Visual Studio/2022/Community/VC/Tools/MSVC/14.34.31933/bin/HostX64/x64/../../../../../../.." --sdk_dir "C:/Program Files (x86)/Windows Kits/10/" --display_error_number --orig_src_file_name "CMakeCUDACompilerId.cu" --orig_src_path_name "C:\Users\ocean\Desktop\CS121\project\Mandelbrot-set-GPU\cmake-build-debug\CMakeFiles\3.24.2\CompilerIdCUDA\CMakeCUDACompilerId.cu" --allow_managed  -arch compute_52 -m64 --no-version-ident -ftz=0 -prec_div=1 -prec_sqrt=1 -fmad=1 --include_file_name "CMakeCUDACompilerId.fatbin.c" -tused --gen_module_id_file --module_id_file_name "tmp/CMakeCUDACompilerId.module_id" --gen_c_file_name "tmp/CMakeCUDACompilerId.cudafe1.c" --stub_file_name "tmp/CMakeCUDACompilerId.cudafe1.stub.c" --gen_device_file_name "tmp/CMakeCUDACompilerId.cudafe1.gpu"  "tmp/CMakeCUDACompilerId.cpp1.ii" -o "tmp/CMakeCUDACompilerId.ptx"]
  considering line: [ptxas -arch=sm_52 -m64 "tmp/CMakeCUDACompilerId.ptx"  -o "tmp/CMakeCUDACompilerId.sm_52.cubin" ]
  considering line: [fatbinary --create="tmp/CMakeCUDACompilerId.fatbin" -64 --cicc-cmdline="-ftz=0 -prec_div=1 -prec_sqrt=1 -fmad=1 " "--image3=kind=elf,sm=52,file=tmp/CMakeCUDACompilerId.sm_52.cubin" "--image3=kind=ptx,sm=52,file=tmp/CMakeCUDACompilerId.ptx" --embedded-fatbin="tmp/CMakeCUDACompilerId.fatbin.c" ]
  considering line: [cl.exe @"tmp/CMakeCUDACompilerId.cpp4.ii.res" > "tmp/CMakeCUDACompilerId.cpp4.ii" ]
  considering line: [CMakeCUDACompilerId.cu]
  considering line: [cudafe++ --microsoft_version=1934 --msvc_target_version=1934 --compiler_bindir "C:/Program Files/Microsoft Visual Studio/2022/Community/VC/Tools/MSVC/14.34.31933/bin/HostX64/x64/../../../../../../.." --sdk_dir "C:/Program Files (x86)/Windows Kits/10/" --display_error_number --orig_src_file_name "CMakeCUDACompilerId.cu" --orig_src_path_name "C:\Users\ocean\Desktop\CS121\project\Mandelbrot-set-GPU\cmake-build-debug\CMakeFiles\3.24.2\CompilerIdCUDA\CMakeCUDACompilerId.cu" --allow_managed --m64 --parse_templates --gen_c_file_name "tmp/CMakeCUDACompilerId.cudafe1.cpp" --stub_file_name "CMakeCUDACompilerId.cudafe1.stub.c" --module_id_file_name "tmp/CMakeCUDACompilerId.module_id" "tmp/CMakeCUDACompilerId.cpp4.ii" ]
  considering line: [cl.exe @"tmp/CMakeCUDACompilerId.obj.res" -Fo"tmp/CMakeCUDACompilerId.obj" ]
  considering line: [CMakeCUDACompilerId.cudafe1.cpp]
  considering line: [nvlink -optf "tmp/a_dlink.sm_52.cubin.optf"]
    ignoring nvlink line
  considering line: [fatbinary --create="tmp/a_dlink.fatbin" -64 --cicc-cmdline="-ftz=0 -prec_div=1 -prec_sqrt=1 -fmad=1 " -link "--image3=kind=elf,sm=52,file=tmp/a_dlink.sm_52.cubin" --embedded-fatbin="tmp/a_dlink.fatbin.c" ]
  considering line: [cl.exe @"tmp/a_dlink.obj.res" -Fo"tmp/a_dlink.obj" ]
  considering line: [link.stub]
  considering line: [cl.exe @"tmp/a.exe.res" -Fe"a.exe" ]
    extracted link line: [cl.exe -D__CUDA_ARCH_LIST__=520 -nologo "C:\Users\ocean\Desktop\CS121\project\Mandelbrot-set-GPU\cmake-build-debug\CMakeFiles\3.24.2\CompilerIdCUDA\tmp\a_dlink.obj" "C:\Users\ocean\Desktop\CS121\project\Mandelbrot-set-GPU\cmake-build-debug\CMakeFiles\3.24.2\CompilerIdCUDA\tmp\CMakeCUDACompilerId.obj" -link -INCREMENTAL:NO   "/LIBPATH:C:/Program Files/NVIDIA GPU Computing Toolkit/CUDA/v11.8/bin/../lib/x64"  cudadevrt.lib  cudart_static.lib -Fe"a.exe" ]
  considering line: [  正在创建库 a.lib 和对象 a.exp]
  considering line: []
  found 'INCLUDES=' string: ["-IC:/Program Files/NVIDIA GPU Computing Toolkit/CUDA/v11.8/bin/../include"  ]

  link line regex: [^( *|.*[/\])(link\.exe|CMAKE_LINK_STARTFILE-NOTFOUND|([^/\]+-)?ld|collect2)[^/\]*( |$)]
  link line: [cuda-fake-ld cl.exe -D__CUDA_ARCH_LIST__=520 -nologo "C:\Users\ocean\Desktop\CS121\project\Mandelbrot-set-GPU\cmake-build-debug\CMakeFiles\3.24.2\CompilerIdCUDA\tmp\a_dlink.obj" "C:\Users\ocean\Desktop\CS121\project\Mandelbrot-set-GPU\cmake-build-debug\CMakeFiles\3.24.2\CompilerIdCUDA\tmp\CMakeCUDACompilerId.obj" -link -INCREMENTAL:NO   "/LIBPATH:C:/Program Files/NVIDIA GPU Computing Toolkit/CUDA/v11.8/bin/../lib/x64"  cudadevrt.lib  cudart_static.lib -Fe"a.exe" ]
    arg [cuda-fake-ld] ==> ignore
    arg [cl.exe] ==> recognize MSVC cl
    arg [-D__CUDA_ARCH_LIST__=520] ==> ignore
    arg [-nologo] ==> ignore
    arg [C:\Users\ocean\Desktop\CS121\project\Mandelbrot-set-GPU\cmake-build-debug\CMakeFiles\3.24.2\CompilerIdCUDA\tmp\a_dlink.obj] ==> ignore
    arg [C:\Users\ocean\Desktop\CS121\project\Mandelbrot-set-GPU\cmake-build-debug\CMakeFiles\3.24.2\CompilerIdCUDA\tmp\CMakeCUDACompilerId.obj] ==> ignore
    arg [-link] ==> ignore MSVC cl option
    arg [-INCREMENTAL:NO] ==> ignore
    arg [/LIBPATH:C:/Program Files/NVIDIA GPU Computing Toolkit/CUDA/v11.8/bin/../lib/x64] ==> dir [C:/Program Files/NVIDIA GPU Computing Toolkit/CUDA/v11.8/bin/../lib/x64]
    arg [cudadevrt.lib] ==> lib [cudadevrt.lib]
    arg [cudart_static.lib] ==> lib [cudart_static.lib]
    arg [-Fea.exe] ==> ignore
  collapse library dir [C:/Program Files/NVIDIA GPU Computing Toolkit/CUDA/v11.8/bin/../lib/x64] ==> [C:/Program Files/NVIDIA GPU Computing Toolkit/CUDA/v11.8/lib/x64]
  implicit libs: [cudadevrt.lib;cudart_static.lib]
  implicit objs: []
  implicit dirs: [C:/Program Files/NVIDIA GPU Computing Toolkit/CUDA/v11.8/lib/x64]
  implicit fwks: []


Detecting CXX compiler ABI info compiled with the following output:
Change Dir: C:/Users/ocean/Desktop/CS121/project/Mandelbrot-set-GPU/cmake-build-debug/CMakeFiles/CMakeTmp

Run Build Command(s):C:/Program Files/JetBrains/CLion 2022.3/bin/ninja/win/ninja.exe cmTC_5c19c && [1/2] Building CXX object CMakeFiles\cmTC_5c19c.dir\CMakeCXXCompilerABI.cpp.obj
[2/2] Linking CXX executable cmTC_5c19c.exe



Detecting CUDA compiler ABI info compiled with the following output:
Change Dir: C:/Users/ocean/Desktop/CS121/project/Mandelbrot-set-GPU/cmake-build-debug/CMakeFiles/CMakeTmp

Run Build Command(s):C:/Program Files/JetBrains/CLion 2022.3/bin/ninja/win/ninja.exe cmTC_4e934 && [1/2] Building CUDA object CMakeFiles\cmTC_4e934.dir\CMakeCUDACompilerABI.cu.obj
cl: 命令行 warning D9002 :忽略未知选项“-v”
CMakeCUDACompilerABI.cu
cl: 命令行 warning D9002 :忽略未知选项“-v”
CMakeCUDACompilerABI.cu
CMakeCUDACompilerABI.cu
cl: 命令行 warning D9002 :忽略未知选项“-v”
[2/2] Linking CUDA executable cmTC_4e934.exe



Parsed CUDA implicit include dir info from above output: rv=start
  warn: unable to parse implicit include dirs!


Parsed CUDA implicit link information from above output:
  link line regex: [^( *|.*[/\])(link\.exe|CMAKE_LINK_STARTFILE-NOTFOUND|([^/\]+-)?ld|collect2)[^/\]*( |$)]
  ignore line: [Change Dir: C:/Users/ocean/Desktop/CS121/project/Mandelbrot-set-GPU/cmake-build-debug/CMakeFiles/CMakeTmp]
  ignore line: []
  ignore line: [Run Build Command(s):C:/Program Files/JetBrains/CLion 2022.3/bin/ninja/win/ninja.exe cmTC_4e934 && [1/2] Building CUDA object CMakeFiles\cmTC_4e934.dir\CMakeCUDACompilerABI.cu.obj]
  ignore line: [cl: 命令行 warning D9002 :忽略未知选项“-v”]
  ignore line: [CMakeCUDACompilerABI.cu]
  ignore line: [cl: 命令行 warning D9002 :忽略未知选项“-v”]
  ignore line: [CMakeCUDACompilerABI.cu]
  ignore line: [CMakeCUDACompilerABI.cu]
  ignore line: [cl: 命令行 warning D9002 :忽略未知选项“-v”]
  ignore line: [[2/2] Linking CUDA executable cmTC_4e934.exe]
  ignore line: []
  ignore line: []
  implicit libs: []
  implicit objs: []
  implicit dirs: []
  implicit fwks: []


Compiling the C compiler identification source file "CMakeCCompilerId.c" succeeded.
Compiler: C:/Program Files/Microsoft Visual Studio/2022/Community/VC/Tools/MSVC/14.34.31933/bin/Hostx64/x64/cl.exe 
Build flags: 
Id flags:  

The output was:
0
用于 x64 的 Microsoft (R) C/C++ 优化编译器 19.34.31935 版
版权所有(C) Microsoft Corporation。保留所有权利。

CMakeCCompilerId.c
Microsoft (R) Incremental Linker Version 14.34.31935.0
Copyright (C) Microsoft Corporation.  All rights reserved.

/out:CMakeCCompilerId.exe 
CMakeCCompilerId.obj 


Compilation of the C compiler identification source "CMakeCCompilerId.c" produced "CMakeCCompilerId.exe"

Compilation of the C compiler identification source "CMakeCCompilerId.c" produced "CMakeCCompilerId.obj"

The C compiler identification is MSVC, found in "C:/Users/ocean/Desktop/CS121/project/Mandelbrot-set-GPU/cmake-build-debug/CMakeFiles/3.24.2/CompilerIdC/CMakeCCompilerId.exe"

Detecting C compiler ABI info compiled with the following output:
Change Dir: C:/Users/ocean/Desktop/CS121/project/Mandelbrot-set-GPU/cmake-build-debug/CMakeFiles/CMakeTmp

Run Build Command(s):C:/Program Files/JetBrains/CLion 2022.3/bin/ninja/win/ninja.exe cmTC_48ed0 && [1/2] Building C object CMakeFiles\cmTC_48ed0.dir\CMakeCCompilerABI.c.obj
[2/2] Linking C executable cmTC_48ed0.exe



