Performing C SOURCE FILE Test CMAKE_HAVE_LIBC_PTHREAD failed with the following output:
Change Dir: C:/Users/ocean/Desktop/CS121/project/Mandelbrot-set-GPU/cmake-build-debug/CMakeFiles/CMakeTmp

Run Build Command(s):C:/Program Files/JetBrains/CLion 2022.3/bin/ninja/win/ninja.exe cmTC_ad1d3 && [1/2] Building C object CMakeFiles\cmTC_ad1d3.dir\src.c.obj
FAILED: CMakeFiles/cmTC_ad1d3.dir/src.c.obj 
C:\PROGRA~1\MIB055~1\2022\COMMUN~1\VC\Tools\MSVC\1434~1.319\bin\Hostx64\x64\cl.exe  /nologo -DCMAKE_HAVE_LIBC_PTHREAD  /DWIN32 /D_WINDOWS  /Zi /Ob0 /Od /RTC1 -MDd /showIncludes /FoCMakeFiles\cmTC_ad1d3.dir\src.c.obj /FdCMakeFiles\cmTC_ad1d3.dir\ /FS -c C:\Users\ocean\Desktop\CS121\project\Mandelbrot-set-GPU\cmake-build-debug\CMakeFiles\CMakeTmp\src.c
C:\Users\ocean\Desktop\CS121\project\Mandelbrot-set-GPU\cmake-build-debug\CMakeFiles\CMakeTmp\src.c(1): fatal error C1083: 无法打开包括文件: “pthread.h”: No such file or directory
ninja: build stopped: subcommand failed.


Source file was:
#include <pthread.h>

static void* test_func(void* data)
{
  return data;
}

int main(void)
{
  pthread_t thread;
  pthread_create(&thread, NULL, test_func, NULL);
  pthread_detach(thread);
  pthread_cancel(thread);
  pthread_join(thread, NULL);
  pthread_atfork(NULL, NULL, NULL);
  pthread_exit(NULL);

  return 0;
}

Determining if the function pthread_create exists in the pthreads failed with the following output:
Change Dir: C:/Users/ocean/Desktop/CS121/project/Mandelbrot-set-GPU/cmake-build-debug/CMakeFiles/CMakeTmp

Run Build Command(s):C:/Program Files/JetBrains/CLion 2022.3/bin/ninja/win/ninja.exe cmTC_0cb7f && [1/2] Building C object CMakeFiles\cmTC_0cb7f.dir\CheckFunctionExists.c.obj
[2/2] Linking C executable cmTC_0cb7f.exe
FAILED: cmTC_0cb7f.exe 
cmd.exe /C "cd . && "C:\Program Files\JetBrains\CLion 2022.3\bin\cmake\win\bin\cmake.exe" -E vs_link_exe --intdir=CMakeFiles\cmTC_0cb7f.dir --rc=C:\PROGRA~2\WI3CF2~1\10\bin\100190~1.0\x64\rc.exe --mt=C:\PROGRA~2\WI3CF2~1\10\bin\100190~1.0\x64\mt.exe --manifests  -- C:\PROGRA~1\MIB055~1\2022\COMMUN~1\VC\Tools\MSVC\1434~1.319\bin\Hostx64\x64\link.exe /nologo CMakeFiles\cmTC_0cb7f.dir\CheckFunctionExists.c.obj  /out:cmTC_0cb7f.exe /implib:cmTC_0cb7f.lib /pdb:cmTC_0cb7f.pdb /version:0.0 /machine:x64  /debug /INCREMENTAL /subsystem:console  pthreads.lib  kernel32.lib user32.lib gdi32.lib winspool.lib shell32.lib ole32.lib oleaut32.lib uuid.lib comdlg32.lib advapi32.lib && cd ."
LINK Pass 1: command "C:\PROGRA~1\MIB055~1\2022\COMMUN~1\VC\Tools\MSVC\1434~1.319\bin\Hostx64\x64\link.exe /nologo CMakeFiles\cmTC_0cb7f.dir\CheckFunctionExists.c.obj /out:cmTC_0cb7f.exe /implib:cmTC_0cb7f.lib /pdb:cmTC_0cb7f.pdb /version:0.0 /machine:x64 /debug /INCREMENTAL /subsystem:console pthreads.lib kernel32.lib user32.lib gdi32.lib winspool.lib shell32.lib ole32.lib oleaut32.lib uuid.lib comdlg32.lib advapi32.lib /MANIFEST /MANIFESTFILE:CMakeFiles\cmTC_0cb7f.dir/intermediate.manifest CMakeFiles\cmTC_0cb7f.dir/manifest.res" failed (exit code 1104) with the following output:
LINK : fatal error LNK1104: 无法打开文件“pthreads.lib”
ninja: build stopped: subcommand failed.



Determining if the function pthread_create exists in the pthread failed with the following output:
Change Dir: C:/Users/ocean/Desktop/CS121/project/Mandelbrot-set-GPU/cmake-build-debug/CMakeFiles/CMakeTmp

Run Build Command(s):C:/Program Files/JetBrains/CLion 2022.3/bin/ninja/win/ninja.exe cmTC_7ff11 && [1/2] Building C object CMakeFiles\cmTC_7ff11.dir\CheckFunctionExists.c.obj
[2/2] Linking C executable cmTC_7ff11.exe
FAILED: cmTC_7ff11.exe 
cmd.exe /C "cd . && "C:\Program Files\JetBrains\CLion 2022.3\bin\cmake\win\bin\cmake.exe" -E vs_link_exe --intdir=CMakeFiles\cmTC_7ff11.dir --rc=C:\PROGRA~2\WI3CF2~1\10\bin\100190~1.0\x64\rc.exe --mt=C:\PROGRA~2\WI3CF2~1\10\bin\100190~1.0\x64\mt.exe --manifests  -- C:\PROGRA~1\MIB055~1\2022\COMMUN~1\VC\Tools\MSVC\1434~1.319\bin\Hostx64\x64\link.exe /nologo CMakeFiles\cmTC_7ff11.dir\CheckFunctionExists.c.obj  /out:cmTC_7ff11.exe /implib:cmTC_7ff11.lib /pdb:cmTC_7ff11.pdb /version:0.0 /machine:x64  /debug /INCREMENTAL /subsystem:console  pthread.lib  kernel32.lib user32.lib gdi32.lib winspool.lib shell32.lib ole32.lib oleaut32.lib uuid.lib comdlg32.lib advapi32.lib && cd ."
LINK Pass 1: command "C:\PROGRA~1\MIB055~1\2022\COMMUN~1\VC\Tools\MSVC\1434~1.319\bin\Hostx64\x64\link.exe /nologo CMakeFiles\cmTC_7ff11.dir\CheckFunctionExists.c.obj /out:cmTC_7ff11.exe /implib:cmTC_7ff11.lib /pdb:cmTC_7ff11.pdb /version:0.0 /machine:x64 /debug /INCREMENTAL /subsystem:console pthread.lib kernel32.lib user32.lib gdi32.lib winspool.lib shell32.lib ole32.lib oleaut32.lib uuid.lib comdlg32.lib advapi32.lib /MANIFEST /MANIFESTFILE:CMakeFiles\cmTC_7ff11.dir/intermediate.manifest CMakeFiles\cmTC_7ff11.dir/manifest.res" failed (exit code 1104) with the following output:
LINK : fatal error LNK1104: 无法打开文件“pthread.lib”
ninja: build stopped: subcommand failed.



