This is XeTeX, Version 3.141592653-2.6-0.999994 (TeX Live 2022) (preloaded format=xelatex 2022.10.8)  2 JAN 2023 22:43
entering extended mode
 restricted \write18 enabled.
 file:line:error style messages enabled.
 %&-line parsing enabled.
**report
(./report.tex
LaTeX2e <2021-11-15> patch level 1
L3 programming layer <2022-02-24> (c:/texlive/2022/texmf-dist/tex/latex/base/article.cls
Document Class: article 2021/10/04 v1.4n Standard LaTeX document class
(c:/texlive/2022/texmf-dist/tex/latex/base/size10.clo
File: size10.clo 2021/10/04 v1.4n Standard LaTeX file (size option)
)
\c@part=\count181
\c@section=\count182
\c@subsection=\count183
\c@subsubsection=\count184
\c@paragraph=\count185
\c@subparagraph=\count186
\c@figure=\count187
\c@table=\count188
\abovecaptionskip=\skip47
\belowcaptionskip=\skip48
\bibindent=\dimen138
) (c:/texlive/2022/texmf-dist/tex/generic/babel/babel.sty
Package: babel 2022/02/26 3.73 The Babel package
\babel@savecnt=\count189
\U@D=\dimen139
\l@unhyphenated=\language87
 (c:/texlive/2022/texmf-dist/tex/generic/babel/xebabel.def (c:/texlive/2022/texmf-dist/tex/generic/babel/txtbabel.def))
\bbl@readstream=\read2
\bbl@dirlevel=\count190
 (c:/texlive/2022/texmf-dist/tex/generic/babel-english/english.ldf
Language: english 2017/06/06 v3.3r English support from the babel system
Package babel Info: Hyphen rules for 'canadian' set to \l@english
(babel)             (\language0). Reported on input line 102.
Package babel Info: Hyphen rules for 'australian' set to \l@ukenglish
(babel)             (\language21). Reported on input line 105.
Package babel Info: Hyphen rules for 'newzealand' set to \l@ukenglish
(babel)             (\language21). Reported on input line 108.
)) (c:/texlive/2022/texmf-dist/tex/latex/geometry/geometry.sty
Package: geometry 2020/01/02 v5.9 Page Geometry
 (c:/texlive/2022/texmf-dist/tex/latex/graphics/keyval.sty
Package: keyval 2014/10/28 v1.15 key=value parser (DPC)
\KV@toks@=\toks16
) (c:/texlive/2022/texmf-dist/tex/generic/iftex/ifvtex.sty
Package: ifvtex 2019/10/25 v1.7 ifvtex legacy package. Use iftex instead.
 (c:/texlive/2022/texmf-dist/tex/generic/iftex/iftex.sty
Package: iftex 2022/02/03 v1.0f TeX engine tests
))
\Gm@cnth=\count191
\Gm@cntv=\count192
\c@Gm@tempcnt=\count193
\Gm@bindingoffset=\dimen140
\Gm@wd@mp=\dimen141
\Gm@odd@mp=\dimen142
\Gm@even@mp=\dimen143
\Gm@layoutwidth=\dimen144
\Gm@layoutheight=\dimen145
\Gm@layouthoffset=\dimen146
\Gm@layoutvoffset=\dimen147
\Gm@dimlist=\toks17
) (c:/texlive/2022/texmf-dist/tex/latex/amsmath/amsmath.sty
Package: amsmath 2021/10/15 v2.17l AMS math features
\@mathmargin=\skip49

For additional information on amsmath, use the `?' option.
(c:/texlive/2022/texmf-dist/tex/latex/amsmath/amstext.sty
Package: amstext 2021/08/26 v2.01 AMS text
 (c:/texlive/2022/texmf-dist/tex/latex/amsmath/amsgen.sty
File: amsgen.sty 1999/11/30 v2.0 generic functions
\@emptytoks=\toks18
\ex@=\dimen148
)) (c:/texlive/2022/texmf-dist/tex/latex/amsmath/amsbsy.sty
Package: amsbsy 1999/11/29 v1.2d Bold Symbols
\pmbraise@=\dimen149
) (c:/texlive/2022/texmf-dist/tex/latex/amsmath/amsopn.sty
Package: amsopn 2021/08/26 v2.02 operator names
)
\inf@bad=\count194
LaTeX Info: Redefining \frac on input line 234.
\uproot@=\count195
\leftroot@=\count196
LaTeX Info: Redefining \overline on input line 399.
\classnum@=\count197
\DOTSCASE@=\count198
LaTeX Info: Redefining \ldots on input line 496.
LaTeX Info: Redefining \dots on input line 499.
LaTeX Info: Redefining \cdots on input line 620.
\Mathstrutbox@=\box50
\strutbox@=\box51
\big@size=\dimen150
LaTeX Font Info:    Redeclaring font encoding OML on input line 743.
LaTeX Font Info:    Redeclaring font encoding OMS on input line 744.
\macc@depth=\count199
\c@MaxMatrixCols=\count266
\dotsspace@=\muskip16
\c@parentequation=\count267
\dspbrk@lvl=\count268
\tag@help=\toks19
\row@=\count269
\column@=\count270
\maxfields@=\count271
\andhelp@=\toks20
\eqnshift@=\dimen151
\alignsep@=\dimen152
\tagshift@=\dimen153
\tagwidth@=\dimen154
\totwidth@=\dimen155
\lineht@=\dimen156
\@envbody=\toks21
\multlinegap=\skip50
\multlinetaggap=\skip51
\mathdisplay@stack=\toks22
LaTeX Info: Redefining \[ on input line 2938.
LaTeX Info: Redefining \] on input line 2939.
) (c:/texlive/2022/texmf-dist/tex/latex/amscls/amsthm.sty
Package: amsthm 2020/05/29 v2.20.6
\thm@style=\toks23
\thm@bodyfont=\toks24
\thm@headfont=\toks25
\thm@notefont=\toks26
\thm@headpunct=\toks27
\thm@preskip=\skip52
\thm@postskip=\skip53
\thm@headsep=\skip54
\dth@everypar=\toks28
) (c:/texlive/2022/texmf-dist/tex/latex/listings/listings.sty
\lst@mode=\count272
\lst@gtempboxa=\box52
\lst@token=\toks29
\lst@length=\count273
\lst@currlwidth=\dimen157
\lst@column=\count274
\lst@pos=\count275
\lst@lostspace=\dimen158
\lst@width=\dimen159
\lst@newlines=\count276
\lst@lineno=\count277
\lst@maxwidth=\dimen160
 (c:/texlive/2022/texmf-dist/tex/latex/listings/lstmisc.sty
File: lstmisc.sty 2020/03/24 1.8d (Carsten Heinz)
\c@lstnumber=\count278
\lst@skipnumbers=\count279
\lst@framebox=\box53
) (c:/texlive/2022/texmf-dist/tex/latex/listings/listings.cfg
File: listings.cfg 2020/03/24 1.8d listings configuration
))
Package: listings 2020/03/24 1.8d (Carsten Heinz)
 (c:/texlive/2022/texmf-dist/tex/latex/listings/lstlang1.sty
File: lstlang1.sty 2020/03/24 1.8d listings language file
) (c:/texlive/2022/texmf-dist/tex/latex/graphics/graphicx.sty
Package: graphicx 2021/09/16 v1.2d Enhanced LaTeX Graphics (DPC,SPQR)
 (c:/texlive/2022/texmf-dist/tex/latex/graphics/graphics.sty
Package: graphics 2021/03/04 v1.4d Standard LaTeX Graphics (DPC,SPQR)
 (c:/texlive/2022/texmf-dist/tex/latex/graphics/trig.sty
Package: trig 2021/08/11 v1.11 sin cos tan (DPC)
) (c:/texlive/2022/texmf-dist/tex/latex/graphics-cfg/graphics.cfg
File: graphics.cfg 2016/06/04 v1.11 sample graphics configuration
)
Package graphics Info: Driver file: xetex.def on input line 107.
 (c:/texlive/2022/texmf-dist/tex/latex/graphics-def/xetex.def
File: xetex.def 2021/03/18 v5.0k Graphics/color driver for xetex
))
\Gin@req@height=\dimen161
\Gin@req@width=\dimen162
) (c:/texlive/2022/texmf-dist/tex/latex/subfigure/subfigure.sty
Package: subfigure 2002/03/15 v2.1.5 subfigure package
\subfigtopskip=\skip55
\subfigcapskip=\skip56
\subfigcaptopadj=\dimen163
\subfigbottomskip=\skip57
\subfigcapmargin=\dimen164
\subfiglabelskip=\skip58
\c@subfigure=\count280
\c@lofdepth=\count281
\c@subtable=\count282
\c@lotdepth=\count283

****************************************
* Local config file subfigure.cfg used *
****************************************
(c:/texlive/2022/texmf-dist/tex/latex/subfigure/subfigure.cfg)
\subfig@top=\skip59
\subfig@bottom=\skip60
) (c:/texlive/2022/texmf-dist/tex/latex/setspace/setspace.sty
Package: setspace 2011/12/19 v6.7a set line spacing
) (c:/texlive/2022/texmf-dist/tex/latex/float/float.sty
Package: float 2001/11/08 v1.3d Float enhancements (AL)
\c@float@type=\count284
\float@exts=\toks30
\float@box=\box54
\@float@everytoks=\toks31
\@floatcapt=\box55
) (c:/texlive/2022/texmf-dist/tex/latex/booktabs/booktabs.sty
Package: booktabs 2020/01/12 v1.61803398 Publication quality tables
\heavyrulewidth=\dimen165
\lightrulewidth=\dimen166
\cmidrulewidth=\dimen167
\belowrulesep=\dimen168
\belowbottomsep=\dimen169
\aboverulesep=\dimen170
\abovetopsep=\dimen171
\cmidrulesep=\dimen172
\cmidrulekern=\dimen173
\defaultaddspace=\dimen174
\@cmidla=\count285
\@cmidlb=\count286
\@aboverulesep=\dimen175
\@belowrulesep=\dimen176
\@thisruleclass=\count287
\@lastruleclass=\count288
\@thisrulewidth=\dimen177
) (c:/texlive/2022/texmf-dist/tex/latex/animate/animate.sty
Package: animate 2022/02/21 PDF & SVG animations from files and inline graphics
 (c:/texlive/2022/texmf-dist/tex/latex/xkeyval/xkeyval.sty
Package: xkeyval 2020/11/20 v2.8 package option processing (HA)
 (c:/texlive/2022/texmf-dist/tex/generic/xkeyval/xkeyval.tex (c:/texlive/2022/texmf-dist/tex/generic/xkeyval/xkvutils.tex
\XKV@toks=\toks32
\XKV@tempa@toks=\toks33
)
\XKV@depth=\count289
File: xkeyval.tex 2014/12/03 v2.7a key=value parser (HA)
)) (c:/texlive/2022/texmf-dist/tex/latex/base/ifthen.sty
Package: ifthen 2020/11/24 v1.1c Standard LaTeX ifthen package (DPC)
) (c:/texlive/2022/texmf-dist/tex/latex/oberdiek/ifdraft.sty
Package: ifdraft 2016/05/16 v1.4 Detect class options draft and final (HO)
) (c:/texlive/2022/texmf-dist/tex/latex/tools/calc.sty
Package: calc 2017/05/25 v4.3 Infix arithmetic (KKT,FJ)
\calc@Acount=\count290
\calc@Bcount=\count291
\calc@Adimen=\dimen178
\calc@Bdimen=\dimen179
\calc@Askip=\skip61
\calc@Bskip=\skip62
LaTeX Info: Redefining \setlength on input line 80.
LaTeX Info: Redefining \addtolength on input line 81.
\calc@Ccount=\count292
\calc@Cskip=\skip63
) (c:/texlive/2022/texmf-dist/tex/latex/zref/zref-abspage.sty
Package: zref-abspage 2020-07-03 v2.32 Module abspage for zref (HO)
 (c:/texlive/2022/texmf-dist/tex/latex/zref/zref-base.sty
Package: zref-base 2020-07-03 v2.32 Module base for zref (HO)
 (c:/texlive/2022/texmf-dist/tex/generic/ltxcmds/ltxcmds.sty
Package: ltxcmds 2020-05-10 v1.25 LaTeX kernel commands for general use (HO)
) (c:/texlive/2022/texmf-dist/tex/generic/infwarerr/infwarerr.sty
Package: infwarerr 2019/12/03 v1.5 Providing info/warning/error messages (HO)
) (c:/texlive/2022/texmf-dist/tex/generic/kvsetkeys/kvsetkeys.sty
Package: kvsetkeys 2019/12/15 v1.18 Key value parser (HO)
) (c:/texlive/2022/texmf-dist/tex/generic/kvdefinekeys/kvdefinekeys.sty
Package: kvdefinekeys 2019-12-19 v1.6 Define keys (HO)
) (c:/texlive/2022/texmf-dist/tex/generic/pdftexcmds/pdftexcmds.sty
Package: pdftexcmds 2020-06-27 v0.33 Utility functions of pdfTeX for LuaTeX (HO)
Package pdftexcmds Info: \pdf@primitive is available.
Package pdftexcmds Info: \pdf@ifprimitive is available.
Package pdftexcmds Info: \pdfdraftmode not found.
) (c:/texlive/2022/texmf-dist/tex/generic/etexcmds/etexcmds.sty
Package: etexcmds 2019/12/15 v1.7 Avoid name clashes with e-TeX commands (HO)
) (c:/texlive/2022/texmf-dist/tex/latex/auxhook/auxhook.sty
Package: auxhook 2019-12-17 v1.6 Hooks for auxiliary files (HO)
)
Package zref Info: New property list: main on input line 764.
Package zref Info: New property: default on input line 765.
Package zref Info: New property: page on input line 766.
) (c:/texlive/2022/texmf-dist/tex/latex/base/atbegshi-ltx.sty
Package: atbegshi-ltx 2021/01/10 v1.0c Emulation of the original atbegshi
package with kernel methods
)
\c@abspage=\count293
Package zref Info: New property: abspage on input line 66.
) (c:/texlive/2022/texmf-dist/tex/latex/media9/pdfbase.sty (c:/texlive/2022/texmf-dist/tex/latex/l3packages/l3keys2e/l3keys2e.sty (c:/texlive/2022/texmf-dist/tex/latex/l3kernel/expl3.sty
Package: expl3 2022-02-24 L3 programming layer (loader) 
 (c:/texlive/2022/texmf-dist/tex/latex/l3backend/l3backend-xetex.def
File: l3backend-xetex.def 2022-02-07 L3 backend support: XeTeX
 (|extractbb --version)
\c__kernel_sys_dvipdfmx_version_int=\count294
\l__color_backend_stack_int=\count295
\g__color_backend_stack_int=\count296
\g__graphics_track_int=\count297
\l__pdf_internal_box=\box56
\g__pdf_backend_object_int=\count298
\g__pdf_backend_annotation_int=\count299
\g__pdf_backend_link_int=\count300
))
Package: l3keys2e 2022-01-12 LaTeX2e option processing using LaTeX3 keys
)
Package: pdfbase 2022/03/18 v0.54 driver independent access to low-level PDF features
\g_pbs_page_int=\count301
\g_pbs_obj_int=\count302
\g_pbs_oc_int=\count303
) (c:/texlive/2022/texmf-dist/tex/latex/ocgx2/ocgbase.sty
Package: ocgbase 2021/06/11 v0.20 support package for ocgx2.sty
\g_ocgbase_nd_int=\count304
)
\@anim@box=\box57
\@anim@measbox=\box58
\@anim@tmpdima=\dimen180
\@anim@tmpdimb=\dimen181
\@anim@num=\count305
\@anim@curframe=\count306
\@anim@curframe@zb=\count307
\@anim@resizeflags=\count308
\@anim@skipfram=\count309
\@anim@mulframecnt=\count310
\@anim@@tmlnfile=\read3
\@anim@tmpcnt=\count311
\c@@anim@ltxcnt=\count312
\@anim@curlayer=\count313
\@anim@lineno=\count314
\@anim@curfield=\count315
\@anim@@resizeflags=\count316
) (c:/texlive/2022/texmf-dist/tex/latex/algorithm2e/algorithm2e.sty
Invalid UTF-8 byte or sequence at line 284 replaced by U+FFFD.
Invalid UTF-8 byte or sequence at line 299 replaced by U+FFFD.
Invalid UTF-8 byte or sequence at line 550 replaced by U+FFFD.
Package: algorithm2e 2017/07/18 v5.2 algorithms environments
\c@AlgoLine=\count317
\algocf@hangindent=\skip64
 (c:/texlive/2022/texmf-dist/tex/latex/ifoddpage/ifoddpage.sty
Package: ifoddpage 2016/04/23 v1.1 Conditionals for odd/even page detection
\c@checkoddpage=\count318
) (c:/texlive/2022/texmf-dist/tex/latex/tools/xspace.sty
Package: xspace 2014/10/28 v1.13 Space after command names (DPC,MH)
) (c:/texlive/2022/texmf-dist/tex/latex/relsize/relsize.sty
Package: relsize 2013/03/29 ver 4.1
)
\skiptotal=\skip65
\skiplinenumber=\skip66
\skiprule=\skip67
\skiphlne=\skip68
\skiptext=\skip69
\skiplength=\skip70
\algomargin=\skip71
\skipalgocfslide=\skip72
\algowidth=\dimen182
\inoutsize=\dimen183
\inoutindent=\dimen184
\interspacetitleruled=\dimen185
\interspacealgoruled=\dimen186
\interspacetitleboxruled=\dimen187
\algocf@ruledwidth=\skip73
\algocf@inoutbox=\box59
\algocf@inputbox=\box60
\AlCapSkip=\skip74
\AlCapHSkip=\skip75
\algoskipindent=\skip76
\algocf@nlbox=\box61
\algocf@hangingbox=\box62
\algocf@untilbox=\box63
\algocf@skipuntil=\skip77
\algocf@capbox=\box64
\algocf@lcaptionbox=\skip78
\algoheightruledefault=\skip79
\algoheightrule=\skip80
\algotitleheightruledefault=\skip81
\algotitleheightrule=\skip82
\c@algocfline=\count319
\c@algocfproc=\count320
\c@algocf=\count321
\algocf@algoframe=\box65
\algocf@algobox=\box66
)
\c@theorem=\count322
\c@definition=\count323
\c@lemma=\count324
 (c:/texlive/2022/texmf-dist/tex/latex/hyperref/hyperref.sty
Package: hyperref 2022-02-21 v7.00n Hypertext links for LaTeX
 (c:/texlive/2022/texmf-dist/tex/generic/pdfescape/pdfescape.sty
Package: pdfescape 2019/12/09 v1.15 Implements pdfTeX's escape features (HO)
) (c:/texlive/2022/texmf-dist/tex/latex/hycolor/hycolor.sty
Package: hycolor 2020-01-27 v1.10 Color options for hyperref/bookmark (HO)
) (c:/texlive/2022/texmf-dist/tex/latex/letltxmacro/letltxmacro.sty
Package: letltxmacro 2019/12/03 v1.6 Let assignment for LaTeX macros (HO)
) (c:/texlive/2022/texmf-dist/tex/latex/kvoptions/kvoptions.sty
Package: kvoptions 2020-10-07 v3.14 Key value format for package options (HO)
)
\@linkdim=\dimen188
\Hy@linkcounter=\count325
\Hy@pagecounter=\count326
 (c:/texlive/2022/texmf-dist/tex/latex/hyperref/pd1enc.def
File: pd1enc.def 2022-02-21 v7.00n Hyperref: PDFDocEncoding definition (HO)
) (c:/texlive/2022/texmf-dist/tex/generic/intcalc/intcalc.sty
Package: intcalc 2019/12/15 v1.3 Expandable calculations with integers (HO)
)
\Hy@SavedSpaceFactor=\count327
 (c:/texlive/2022/texmf-dist/tex/latex/hyperref/puenc.def
File: puenc.def 2022-02-21 v7.00n Hyperref: PDF Unicode definition (HO)
)
Package hyperref Info: Option `colorlinks' set `true' on input line 4018.
Package hyperref Info: Hyper figures OFF on input line 4137.
Package hyperref Info: Link nesting OFF on input line 4142.
Package hyperref Info: Hyper index ON on input line 4145.
Package hyperref Info: Plain pages OFF on input line 4152.
Package hyperref Info: Backreferencing OFF on input line 4157.
Package hyperref Info: Implicit mode ON; LaTeX internals redefined.
Package hyperref Info: Bookmarks ON on input line 4390.
\c@Hy@tempcnt=\count328
 (c:/texlive/2022/texmf-dist/tex/latex/url/url.sty
\Urlmuskip=\muskip17
Package: url 2013/09/16  ver 3.4  Verb mode for urls, etc.
)
LaTeX Info: Redefining \url on input line 4749.
\XeTeXLinkMargin=\dimen189
 (c:/texlive/2022/texmf-dist/tex/generic/bitset/bitset.sty
Package: bitset 2019/12/09 v1.3 Handle bit-vector datatype (HO)
 (c:/texlive/2022/texmf-dist/tex/generic/bigintcalc/bigintcalc.sty
Package: bigintcalc 2019/12/15 v1.5 Expandable calculations on big integers (HO)
))
\Fld@menulength=\count329
\Field@Width=\dimen190
\Fld@charsize=\dimen191
Package hyperref Info: Hyper figures OFF on input line 6027.
Package hyperref Info: Link nesting OFF on input line 6032.
Package hyperref Info: Hyper index ON on input line 6035.
Package hyperref Info: backreferencing OFF on input line 6042.
Package hyperref Info: Link coloring ON on input line 6045.
Package hyperref Info: Link coloring with OCG OFF on input line 6052.
Package hyperref Info: PDF/A mode OFF on input line 6057.
LaTeX Info: Redefining \ref on input line 6097.
LaTeX Info: Redefining \pageref on input line 6101.
\Hy@abspage=\count330
\c@Item=\count331
\c@Hfootnote=\count332
)
Package hyperref Info: Driver (autodetected): hxetex.
 (c:/texlive/2022/texmf-dist/tex/latex/hyperref/hxetex.def
File: hxetex.def 2022-02-21 v7.00n Hyperref driver for XeTeX
 (c:/texlive/2022/texmf-dist/tex/generic/stringenc/stringenc.sty
Package: stringenc 2019/11/29 v1.12 Convert strings between diff. encodings (HO)
)
\pdfm@box=\box67
\c@Hy@AnnotLevel=\count333
\HyField@AnnotCount=\count334
\Fld@listcount=\count335
\c@bookmark@seq@number=\count336
 (c:/texlive/2022/texmf-dist/tex/latex/rerunfilecheck/rerunfilecheck.sty
Package: rerunfilecheck 2019/12/05 v1.9 Rerun checks for auxiliary files (HO)
 (c:/texlive/2022/texmf-dist/tex/latex/base/atveryend-ltx.sty
Package: atveryend-ltx 2020/08/19 v1.0a Emulation of the original atveryend package
with kernel methods
) (c:/texlive/2022/texmf-dist/tex/generic/uniquecounter/uniquecounter.sty
Package: uniquecounter 2019/12/15 v1.4 Provide unlimited unique counter (HO)
)
Package uniquecounter Info: New unique counter `rerunfilecheck' on input line 286.
)
\Hy@SectionHShift=\skip83
) (./report.aux)
\openout1 = `report.aux'.

LaTeX Font Info:    Checking defaults for OML/cmm/m/it on input line 65.
LaTeX Font Info:    ... okay on input line 65.
LaTeX Font Info:    Checking defaults for OMS/cmsy/m/n on input line 65.
LaTeX Font Info:    ... okay on input line 65.
LaTeX Font Info:    Checking defaults for OT1/cmr/m/n on input line 65.
LaTeX Font Info:    ... okay on input line 65.
LaTeX Font Info:    Checking defaults for T1/cmr/m/n on input line 65.
LaTeX Font Info:    ... okay on input line 65.
LaTeX Font Info:    Checking defaults for TS1/cmr/m/n on input line 65.
LaTeX Font Info:    Trying to load font information for TS1+cmr on input line 65.
 (c:/texlive/2022/texmf-dist/tex/latex/base/ts1cmr.fd
File: ts1cmr.fd 2019/12/16 v2.5j Standard LaTeX font definitions
)
LaTeX Font Info:    ... okay on input line 65.
LaTeX Font Info:    Checking defaults for TU/lmr/m/n on input line 65.
LaTeX Font Info:    ... okay on input line 65.
LaTeX Font Info:    Checking defaults for OMX/cmex/m/n on input line 65.
LaTeX Font Info:    ... okay on input line 65.
LaTeX Font Info:    Checking defaults for U/cmr/m/n on input line 65.
LaTeX Font Info:    ... okay on input line 65.
LaTeX Font Info:    Checking defaults for PD1/pdf/m/n on input line 65.
LaTeX Font Info:    ... okay on input line 65.
LaTeX Font Info:    Checking defaults for PU/pdf/m/n on input line 65.
LaTeX Font Info:    ... okay on input line 65.

*geometry* driver: auto-detecting
*geometry* detected driver: xetex
*geometry* verbose mode - [ preamble ] result:
* driver: xetex
* paper: letterpaper
* layout: <same size as paper>
* layoutoffset:(h,v)=(0.0pt,0.0pt)
* modes: 
* h-part:(L,W,R)=(85.35826pt, 443.57848pt, 85.35826pt)
* v-part:(T,H,B)=(56.9055pt, 681.15898pt, 56.9055pt)
* \paperwidth=614.295pt
* \paperheight=794.96999pt
* \textwidth=443.57848pt
* \textheight=681.15898pt
* \oddsidemargin=13.08827pt
* \evensidemargin=13.08827pt
* \topmargin=-52.36449pt
* \headheight=12.0pt
* \headsep=25.0pt
* \topskip=10.0pt
* \footskip=30.0pt
* \marginparwidth=49.79231pt
* \marginparsep=11.0pt
* \columnsep=10.0pt
* \skip\footins=9.0pt plus 4.0pt minus 2.0pt
* \hoffset=0.0pt
* \voffset=0.0pt
* \mag=1000
* \@twocolumnfalse
* \@twosidefalse
* \@mparswitchfalse
* \@reversemarginfalse
* (1in=72.27pt=25.4mm, 1cm=28.453pt)

\c@lstlisting=\count337
(c:/texlive/2022/texmf-dist/tex/latex/graphics/color.sty
Package: color 2021/12/07 v1.3c Standard LaTeX Color (DPC)
 (c:/texlive/2022/texmf-dist/tex/latex/graphics-cfg/color.cfg
File: color.cfg 2016/01/02 v1.6 sample color configuration
)
Package color Info: Driver file: xetex.def on input line 149.
)
Package hyperref Info: Link coloring ON on input line 65.
 (c:/texlive/2022/texmf-dist/tex/latex/hyperref/nameref.sty
Package: nameref 2021-04-02 v2.47 Cross-referencing by name of section
 (c:/texlive/2022/texmf-dist/tex/latex/refcount/refcount.sty
Package: refcount 2019/12/15 v3.6 Data extraction from label references (HO)
) (c:/texlive/2022/texmf-dist/tex/generic/gettitlestring/gettitlestring.sty
Package: gettitlestring 2019/12/15 v1.6 Cleanup title references (HO)
)
\c@section@level=\count338
)
LaTeX Info: Redefining \ref on input line 65.
LaTeX Info: Redefining \pageref on input line 65.
LaTeX Info: Redefining \nameref on input line 65.
 (./report.out) (./report.out)
\@outlinefile=\write3
\openout3 = `report.out'.

 (c:/texlive/2022/texmf-dist/tex/latex/listings/lstlang1.sty
File: lstlang1.sty 2020/03/24 1.8d listings language file
) (c:/texlive/2022/texmf-dist/tex/latex/listings/lstlang1.sty
File: lstlang1.sty 2020/03/24 1.8d listings language file
)
File: mandelbrotset.jpg Graphic file (type bmp)
<mandelbrotset.jpg>
 [1

] [2]
Underfull \hbox (badness 10000) in paragraph at lines 168--169

 []

[3]

LaTeX Warning: Command \textless invalid in math mode on input line 220.


Underfull \hbox (badness 10000) in paragraph at lines 224--226

 []


LaTeX Warning: No positions in optional float specifier.
               Default added (so using `htbp') on input line 230.


LaTeX Warning: No positions in optional float specifier.
               Default added (so using `htbp') on input line 251.


LaTeX Warning: Command \textgreater invalid in math mode on input line 276.

[4]
Underfull \hbox (badness 10000) in paragraph at lines 304--308

 []

[5]
Underfull \hbox (badness 10000) in paragraph at lines 310--315

 []

File: MandelbrotSet1.png Graphic file (type bmp)
<MandelbrotSet1.png>
File: MandelbrotSet2.png Graphic file (type bmp)
<MandelbrotSet2.png>
File: MandelbrotSet3.png Graphic file (type bmp)
<MandelbrotSet3.png>
File: MandelbrotSet4.png Graphic file (type bmp)
<MandelbrotSet4.png>

Overfull \hbox (6.65999pt too wide) in paragraph at lines 325--349
 [][][][] 
 []


Overfull \hbox (13.31999pt too wide) in paragraph at lines 325--349
 [][][][] 
 []

File: MandelbrotSet5.png Graphic file (type bmp)
<MandelbrotSet5.png>
File: MandelbrotSet6.png Graphic file (type bmp)
<MandelbrotSet6.png>
File: MandelbrotSet7.png Graphic file (type bmp)
<MandelbrotSet7.png>
File: MandelbrotSet8.png Graphic file (type bmp)
<MandelbrotSet8.png>

Overfull \hbox (6.65999pt too wide) in paragraph at lines 363--387
 [][][][] 
 []


Overfull \hbox (13.31999pt too wide) in paragraph at lines 363--387
 [][][][] 
 []

[6]
File: ./gif2/set-0.png Graphic file (type bmp)
<./gif2/set-0.png>
 <a0,fr0>
File: ./gif2/set-1.png Graphic file (type bmp)
<./gif2/set-1.png>
 <a0,fr1>
File: ./gif2/set-2.png Graphic file (type bmp)
<./gif2/set-2.png>
 <a0,fr2>
File: ./gif2/set-3.png Graphic file (type bmp)
<./gif2/set-3.png>
 <a0,fr3>
File: ./gif2/set-4.png Graphic file (type bmp)
<./gif2/set-4.png>
 <a0,fr4>
File: ./gif2/set-5.png Graphic file (type bmp)
<./gif2/set-5.png>
 <a0,fr5>
File: ./gif2/set-6.png Graphic file (type bmp)
<./gif2/set-6.png>
 <a0,fr6>
File: ./gif2/set-7.png Graphic file (type bmp)
<./gif2/set-7.png>
 <a0,fr7>
File: ./gif2/set-8.png Graphic file (type bmp)
<./gif2/set-8.png>
 <a0,fr8>
File: ./gif2/set-9.png Graphic file (type bmp)
<./gif2/set-9.png>
 <a0,fr9>
File: ./gif2/set-10.png Graphic file (type bmp)
<./gif2/set-10.png>
 <a0,fr10>
File: ./gif2/set-11.png Graphic file (type bmp)
<./gif2/set-11.png>
 <a0,fr11>
File: ./gif2/set-12.png Graphic file (type bmp)
<./gif2/set-12.png>
 <a0,fr12>
File: ./gif2/set-13.png Graphic file (type bmp)
<./gif2/set-13.png>
 <a0,fr13>
File: ./gif2/set-14.png Graphic file (type bmp)
<./gif2/set-14.png>
 <a0,fr14>
File: ./gif2/set-15.png Graphic file (type bmp)
<./gif2/set-15.png>
 <a0,fr15>
File: ./gif2/set-16.png Graphic file (type bmp)
<./gif2/set-16.png>
 <a0,fr16>
File: ./gif2/set-17.png Graphic file (type bmp)
<./gif2/set-17.png>
 <a0,fr17>
File: ./gif2/set-18.png Graphic file (type bmp)
<./gif2/set-18.png>
 <a0,fr18>
File: ./gif2/set-19.png Graphic file (type bmp)
<./gif2/set-19.png>
 <a0,fr19>
File: ./gif2/set-20.png Graphic file (type bmp)
<./gif2/set-20.png>
 <a0,fr20>
File: ./gif2/set-21.png Graphic file (type bmp)
<./gif2/set-21.png>
 <a0,fr21>
File: ./gif2/set-22.png Graphic file (type bmp)
<./gif2/set-22.png>
 <a0,fr22>
File: ./gif2/set-23.png Graphic file (type bmp)
<./gif2/set-23.png>
 <a0,fr23>
File: ./gif2/set-24.png Graphic file (type bmp)
<./gif2/set-24.png>
 <a0,fr24>
File: ./gif2/set-25.png Graphic file (type bmp)
<./gif2/set-25.png>
 <a0,fr25>
File: ./gif2/set-26.png Graphic file (type bmp)
<./gif2/set-26.png>
 <a0,fr26>
File: ./gif2/set-27.png Graphic file (type bmp)
<./gif2/set-27.png>
 <a0,fr27>
File: ./gif2/set-28.png Graphic file (type bmp)
<./gif2/set-28.png>
 <a0,fr28>
File: ./gif2/set-29.png Graphic file (type bmp)
<./gif2/set-29.png>
 <a0,fr29>
File: ./gif2/set-30.png Graphic file (type bmp)
<./gif2/set-30.png>
 <a0,fr30>
File: ./gif2/set-31.png Graphic file (type bmp)
<./gif2/set-31.png>
 <a0,fr31>
File: ./gif2/set-32.png Graphic file (type bmp)
<./gif2/set-32.png>
 <a0,fr32>
File: ./gif2/set-33.png Graphic file (type bmp)
<./gif2/set-33.png>
 <a0,fr33>
File: ./gif2/set-34.png Graphic file (type bmp)
<./gif2/set-34.png>
 <a0,fr34>
File: ./gif2/set-35.png Graphic file (type bmp)
<./gif2/set-35.png>
 <a0,fr35>
File: ./gif2/set-36.png Graphic file (type bmp)
<./gif2/set-36.png>
 <a0,fr36>
File: ./gif2/set-37.png Graphic file (type bmp)
<./gif2/set-37.png>
 <a0,fr37>
File: ./gif2/set-38.png Graphic file (type bmp)
<./gif2/set-38.png>
 <a0,fr38>
File: ./gif2/set-39.png Graphic file (type bmp)
<./gif2/set-39.png>
 <a0,fr39>
File: ./gif2/set-40.png Graphic file (type bmp)
<./gif2/set-40.png>
 <a0,fr40>
File: ./gif2/set-41.png Graphic file (type bmp)
<./gif2/set-41.png>
 <a0,fr41>
File: ./gif2/set-42.png Graphic file (type bmp)
<./gif2/set-42.png>
 <a0,fr42>
File: ./gif2/set-43.png Graphic file (type bmp)
<./gif2/set-43.png>
 <a0,fr43>
File: ./gif2/set-44.png Graphic file (type bmp)
<./gif2/set-44.png>
 <a0,fr44>
File: ./gif2/set-45.png Graphic file (type bmp)
<./gif2/set-45.png>
 <a0,fr45>
File: ./gif2/set-46.png Graphic file (type bmp)
<./gif2/set-46.png>
 <a0,fr46>
File: ./gif2/set-47.png Graphic file (type bmp)
<./gif2/set-47.png>
 <a0,fr47>
File: ./gif2/set-48.png Graphic file (type bmp)
<./gif2/set-48.png>
 <a0,fr48>
File: ./gif2/set-49.png Graphic file (type bmp)
<./gif2/set-49.png>
 <a0,fr49>
File: ./gif2/set-50.png Graphic file (type bmp)
<./gif2/set-50.png>
 <a0,fr50>
File: ./gif2/set-51.png Graphic file (type bmp)
<./gif2/set-51.png>
 <a0,fr51>
File: ./gif2/set-52.png Graphic file (type bmp)
<./gif2/set-52.png>
 <a0,fr52>
File: ./gif2/set-53.png Graphic file (type bmp)
<./gif2/set-53.png>
 <a0,fr53>
File: ./gif2/set-54.png Graphic file (type bmp)
<./gif2/set-54.png>
 <a0,fr54>
File: ./gif2/set-55.png Graphic file (type bmp)
<./gif2/set-55.png>
 <a0,fr55>
File: ./gif2/set-56.png Graphic file (type bmp)
<./gif2/set-56.png>
 <a0,fr56>
File: ./gif2/set-57.png Graphic file (type bmp)
<./gif2/set-57.png>
 <a0,fr57>
File: ./gif2/set-58.png Graphic file (type bmp)
<./gif2/set-58.png>
 <a0,fr58>
File: ./gif2/set-59.png Graphic file (type bmp)
<./gif2/set-59.png>
 <a0,fr59>
File: ./gif2/set-60.png Graphic file (type bmp)
<./gif2/set-60.png>
 <a0,fr60>
File: ./gif2/set-61.png Graphic file (type bmp)
<./gif2/set-61.png>
 <a0,fr61>
File: ./gif2/set-62.png Graphic file (type bmp)
<./gif2/set-62.png>
 <a0,fr62>
File: ./gif2/set-63.png Graphic file (type bmp)
<./gif2/set-63.png>
 <a0,fr63>
File: ./gif2/set-64.png Graphic file (type bmp)
<./gif2/set-64.png>
 <a0,fr64>
File: ./gif2/set-65.png Graphic file (type bmp)
<./gif2/set-65.png>
 <a0,fr65>
File: ./gif2/set-66.png Graphic file (type bmp)
<./gif2/set-66.png>
 <a0,fr66>
File: ./gif2/set-67.png Graphic file (type bmp)
<./gif2/set-67.png>
 <a0,fr67>
File: ./gif2/set-68.png Graphic file (type bmp)
<./gif2/set-68.png>
 <a0,fr68>
File: ./gif2/set-69.png Graphic file (type bmp)
<./gif2/set-69.png>
 <a0,fr69>
File: ./gif2/set-70.png Graphic file (type bmp)
<./gif2/set-70.png>
 <a0,fr70>
File: ./gif2/set-71.png Graphic file (type bmp)
<./gif2/set-71.png>
 <a0,fr71>
File: ./gif2/set-72.png Graphic file (type bmp)
<./gif2/set-72.png>
 <a0,fr72>
File: ./gif2/set-73.png Graphic file (type bmp)
<./gif2/set-73.png>
 <a0,fr73>
File: ./gif2/set-74.png Graphic file (type bmp)
<./gif2/set-74.png>
 <a0,fr74>
File: ./gif2/set-75.png Graphic file (type bmp)
<./gif2/set-75.png>
 <a0,fr75>
File: ./gif2/set-76.png Graphic file (type bmp)
<./gif2/set-76.png>
 <a0,fr76>
File: ./gif2/set-77.png Graphic file (type bmp)
<./gif2/set-77.png>
 <a0,fr77>
File: ./gif2/set-78.png Graphic file (type bmp)
<./gif2/set-78.png>
 <a0,fr78>
File: ./gif2/set-79.png Graphic file (type bmp)
<./gif2/set-79.png>
 <a0,fr79>
File: ./gif2/set-80.png Graphic file (type bmp)
<./gif2/set-80.png>
 <a0,fr80>
File: ./gif2/set-81.png Graphic file (type bmp)
<./gif2/set-81.png>
 <a0,fr81>
File: ./gif2/set-82.png Graphic file (type bmp)
<./gif2/set-82.png>
 <a0,fr82>
File: ./gif2/set-83.png Graphic file (type bmp)
<./gif2/set-83.png>
 <a0,fr83>
File: ./gif2/set-84.png Graphic file (type bmp)
<./gif2/set-84.png>
 <a0,fr84>
File: ./gif2/set-85.png Graphic file (type bmp)
<./gif2/set-85.png>
 <a0,fr85>
File: ./gif2/set-86.png Graphic file (type bmp)
<./gif2/set-86.png>
 <a0,fr86>
File: ./gif2/set-87.png Graphic file (type bmp)
<./gif2/set-87.png>
 <a0,fr87>
File: ./gif2/set-88.png Graphic file (type bmp)
<./gif2/set-88.png>
 <a0,fr88>
File: ./gif2/set-89.png Graphic file (type bmp)
<./gif2/set-89.png>
 <a0,fr89>
File: ./gif2/set-90.png Graphic file (type bmp)
<./gif2/set-90.png>
 <a0,fr90>
File: ./gif2/set-91.png Graphic file (type bmp)
<./gif2/set-91.png>
 <a0,fr91>
File: ./gif2/set-92.png Graphic file (type bmp)
<./gif2/set-92.png>
 <a0,fr92>
File: ./gif2/set-93.png Graphic file (type bmp)
<./gif2/set-93.png>
 <a0,fr93>
File: ./gif2/set-94.png Graphic file (type bmp)
<./gif2/set-94.png>
 <a0,fr94>
File: ./gif2/set-95.png Graphic file (type bmp)
<./gif2/set-95.png>
 <a0,fr95>
File: ./gif2/set-96.png Graphic file (type bmp)
<./gif2/set-96.png>
 <a0,fr96>
File: ./gif2/set-97.png Graphic file (type bmp)
<./gif2/set-97.png>
 <a0,fr97>
File: ./gif2/set-98.png Graphic file (type bmp)
<./gif2/set-98.png>
 <a0,fr98>
File: ./gif2/set-99.png Graphic file (type bmp)
<./gif2/set-99.png>
 <a0,fr99>
File: ./gif2/set-100.png Graphic file (type bmp)
<./gif2/set-100.png>
 <a0,fr100>
File: ./gif2/set-101.png Graphic file (type bmp)
<./gif2/set-101.png>
 <a0,fr101>
File: ./gif2/set-102.png Graphic file (type bmp)
<./gif2/set-102.png>
 <a0,fr102>
File: ./gif2/set-103.png Graphic file (type bmp)
<./gif2/set-103.png>
 <a0,fr103>
File: ./gif2/set-104.png Graphic file (type bmp)
<./gif2/set-104.png>
 <a0,fr104>
File: ./gif2/set-105.png Graphic file (type bmp)
<./gif2/set-105.png>
 <a0,fr105>
File: ./gif2/set-106.png Graphic file (type bmp)
<./gif2/set-106.png>
 <a0,fr106>
File: ./gif2/set-107.png Graphic file (type bmp)
<./gif2/set-107.png>
 <a0,fr107>
File: ./gif2/set-108.png Graphic file (type bmp)
<./gif2/set-108.png>
 <a0,fr108>
File: ./gif2/set-109.png Graphic file (type bmp)
<./gif2/set-109.png>
 <a0,fr109>
File: ./gif2/set-110.png Graphic file (type bmp)
<./gif2/set-110.png>
 <a0,fr110>
File: ./gif2/set-111.png Graphic file (type bmp)
<./gif2/set-111.png>
 <a0,fr111>
File: ./gif2/set-112.png Graphic file (type bmp)
<./gif2/set-112.png>
 <a0,fr112>
File: ./gif2/set-113.png Graphic file (type bmp)
<./gif2/set-113.png>
 <a0,fr113>
File: ./gif2/set-114.png Graphic file (type bmp)
<./gif2/set-114.png>
 <a0,fr114>
File: ./gif2/set-115.png Graphic file (type bmp)
<./gif2/set-115.png>
 <a0,fr115>
File: ./gif2/set-116.png Graphic file (type bmp)
<./gif2/set-116.png>
 <a0,fr116>
File: ./gif2/set-117.png Graphic file (type bmp)
<./gif2/set-117.png>
 <a0,fr117>
File: ./gif2/set-118.png Graphic file (type bmp)
<./gif2/set-118.png>
 <a0,fr118>
File: ./gif2/set-119.png Graphic file (type bmp)
<./gif2/set-119.png>
 <a0,fr119>
File: ./gif2/set-120.png Graphic file (type bmp)
<./gif2/set-120.png>
 <a0,fr120>
File: ./gif2/set-121.png Graphic file (type bmp)
<./gif2/set-121.png>
 <a0,fr121>
File: ./gif2/set-122.png Graphic file (type bmp)
<./gif2/set-122.png>
 <a0,fr122>
File: ./gif2/set-123.png Graphic file (type bmp)
<./gif2/set-123.png>
 <a0,fr123>
File: ./gif2/set-124.png Graphic file (type bmp)
<./gif2/set-124.png>
 <a0,fr124>
File: ./gif2/set-125.png Graphic file (type bmp)
<./gif2/set-125.png>
 <a0,fr125>
File: ./gif2/set-126.png Graphic file (type bmp)
<./gif2/set-126.png>
 <a0,fr126>
File: ./gif2/set-127.png Graphic file (type bmp)
<./gif2/set-127.png>
 <a0,fr127>
File: ./gif2/set-128.png Graphic file (type bmp)
<./gif2/set-128.png>
 <a0,fr128>
File: ./gif2/set-129.png Graphic file (type bmp)
<./gif2/set-129.png>
 <a0,fr129>
File: ./gif2/set-130.png Graphic file (type bmp)
<./gif2/set-130.png>
 <a0,fr130>
File: ./gif2/set-131.png Graphic file (type bmp)
<./gif2/set-131.png>
 <a0,fr131>
File: ./gif2/set-132.png Graphic file (type bmp)
<./gif2/set-132.png>
 <a0,fr132>
File: ./gif2/set-133.png Graphic file (type bmp)
<./gif2/set-133.png>
 <a0,fr133>
File: ./gif2/set-134.png Graphic file (type bmp)
<./gif2/set-134.png>
 <a0,fr134>
File: ./gif2/set-135.png Graphic file (type bmp)
<./gif2/set-135.png>
 <a0,fr135>
File: ./gif2/set-136.png Graphic file (type bmp)
<./gif2/set-136.png>
 <a0,fr136>
File: ./gif2/set-137.png Graphic file (type bmp)
<./gif2/set-137.png>
 <a0,fr137>
File: ./gif2/set-138.png Graphic file (type bmp)
<./gif2/set-138.png>
 <a0,fr138>
File: ./gif2/set-139.png Graphic file (type bmp)
<./gif2/set-139.png>
 <a0,fr139>
File: ./gif2/set-140.png Graphic file (type bmp)
<./gif2/set-140.png>
 <a0,fr140>
File: ./gif2/set-141.png Graphic file (type bmp)
<./gif2/set-141.png>
 <a0,fr141>
File: ./gif2/set-142.png Graphic file (type bmp)
<./gif2/set-142.png>
 <a0,fr142>
File: ./gif2/set-143.png Graphic file (type bmp)
<./gif2/set-143.png>
 <a0,fr143>
File: ./gif2/set-144.png Graphic file (type bmp)
<./gif2/set-144.png>
 <a0,fr144>
File: ./gif2/set-145.png Graphic file (type bmp)
<./gif2/set-145.png>
 <a0,fr145>
File: ./gif2/set-146.png Graphic file (type bmp)
<./gif2/set-146.png>
 <a0,fr146>
File: ./gif2/set-147.png Graphic file (type bmp)
<./gif2/set-147.png>
 <a0,fr147>
File: ./gif2/set-148.png Graphic file (type bmp)
<./gif2/set-148.png>
 <a0,fr148>
File: ./gif2/set-149.png Graphic file (type bmp)
<./gif2/set-149.png>
 <a0,fr149>
File: ./gif2/set-150.png Graphic file (type bmp)
<./gif2/set-150.png>
 <a0,fr150>
File: ./gif2/set-151.png Graphic file (type bmp)
<./gif2/set-151.png>
 <a0,fr151>
File: ./gif2/set-152.png Graphic file (type bmp)
<./gif2/set-152.png>
 <a0,fr152>
File: ./gif2/set-153.png Graphic file (type bmp)
<./gif2/set-153.png>
 <a0,fr153>
File: ./gif2/set-154.png Graphic file (type bmp)
<./gif2/set-154.png>
 <a0,fr154>
File: ./gif2/set-155.png Graphic file (type bmp)
<./gif2/set-155.png>
 <a0,fr155>
File: ./gif2/set-156.png Graphic file (type bmp)
<./gif2/set-156.png>
 <a0,fr156>
File: ./gif2/set-157.png Graphic file (type bmp)
<./gif2/set-157.png>
 <a0,fr157>
File: ./gif2/set-158.png Graphic file (type bmp)
<./gif2/set-158.png>
 <a0,fr158>
File: ./gif2/set-159.png Graphic file (type bmp)
<./gif2/set-159.png>
 <a0,fr159>
File: ./gif2/set-160.png Graphic file (type bmp)
<./gif2/set-160.png>
 <a0,fr160>
File: ./gif2/set-161.png Graphic file (type bmp)
<./gif2/set-161.png>
 <a0,fr161>
File: ./gif2/set-162.png Graphic file (type bmp)
<./gif2/set-162.png>
 <a0,fr162>
File: ./gif2/set-163.png Graphic file (type bmp)
<./gif2/set-163.png>
 <a0,fr163>
File: ./gif2/set-164.png Graphic file (type bmp)
<./gif2/set-164.png>
 <a0,fr164>
File: ./gif2/set-165.png Graphic file (type bmp)
<./gif2/set-165.png>
 <a0,fr165>
File: ./gif2/set-166.png Graphic file (type bmp)
<./gif2/set-166.png>
 <a0,fr166>
File: ./gif2/set-167.png Graphic file (type bmp)
<./gif2/set-167.png>
 <a0,fr167>
File: ./gif2/set-168.png Graphic file (type bmp)
<./gif2/set-168.png>
 <a0,fr168>
File: ./gif2/set-169.png Graphic file (type bmp)
<./gif2/set-169.png>
 <a0,fr169>
File: ./gif2/set-170.png Graphic file (type bmp)
<./gif2/set-170.png>
 <a0,fr170>
File: ./gif2/set-171.png Graphic file (type bmp)
<./gif2/set-171.png>
 <a0,fr171>
File: ./gif2/set-172.png Graphic file (type bmp)
<./gif2/set-172.png>
 <a0,fr172>
File: ./gif2/set-173.png Graphic file (type bmp)
<./gif2/set-173.png>
 <a0,fr173>
File: ./gif2/set-174.png Graphic file (type bmp)
<./gif2/set-174.png>
 <a0,fr174>
File: ./gif2/set-175.png Graphic file (type bmp)
<./gif2/set-175.png>
 <a0,fr175>
File: ./gif2/set-176.png Graphic file (type bmp)
<./gif2/set-176.png>
 <a0,fr176>
File: ./gif2/set-177.png Graphic file (type bmp)
<./gif2/set-177.png>
 <a0,fr177>
File: ./gif2/set-178.png Graphic file (type bmp)
<./gif2/set-178.png>
 <a0,fr178>
File: ./gif2/set-179.png Graphic file (type bmp)
<./gif2/set-179.png>
 <a0,fr179>
File: ./gif2/set-180.png Graphic file (type bmp)
<./gif2/set-180.png>
 <a0,fr180>
File: ./gif2/set-181.png Graphic file (type bmp)
<./gif2/set-181.png>
 <a0,fr181>
File: ./gif2/set-182.png Graphic file (type bmp)
<./gif2/set-182.png>
 <a0,fr182>
File: ./gif2/set-183.png Graphic file (type bmp)
<./gif2/set-183.png>
 <a0,fr183>
File: ./gif2/set-184.png Graphic file (type bmp)
<./gif2/set-184.png>
 <a0,fr184>
File: ./gif2/set-185.png Graphic file (type bmp)
<./gif2/set-185.png>
 <a0,fr185>
File: ./gif2/set-186.png Graphic file (type bmp)
<./gif2/set-186.png>
 <a0,fr186>
File: ./gif2/set-187.png Graphic file (type bmp)
<./gif2/set-187.png>
 <a0,fr187>
File: ./gif2/set-188.png Graphic file (type bmp)
<./gif2/set-188.png>
 <a0,fr188>
File: ./gif2/set-189.png Graphic file (type bmp)
<./gif2/set-189.png>
 <a0,fr189>
File: ./gif2/set-190.png Graphic file (type bmp)
<./gif2/set-190.png>
 <a0,fr190>
File: ./gif2/set-191.png Graphic file (type bmp)
<./gif2/set-191.png>
 <a0,fr191>
File: ./gif2/set-192.png Graphic file (type bmp)
<./gif2/set-192.png>
 <a0,fr192>
File: ./gif2/set-193.png Graphic file (type bmp)
<./gif2/set-193.png>
 <a0,fr193>
File: ./gif2/set-194.png Graphic file (type bmp)
<./gif2/set-194.png>
 <a0,fr194>
File: ./gif2/set-195.png Graphic file (type bmp)
<./gif2/set-195.png>
 <a0,fr195>
File: ./gif2/set-196.png Graphic file (type bmp)
<./gif2/set-196.png>
 <a0,fr196>
File: ./gif2/set-197.png Graphic file (type bmp)
<./gif2/set-197.png>
 <a0,fr197>
File: ./gif2/set-198.png Graphic file (type bmp)
<./gif2/set-198.png>
 <a0,fr198>
File: ./gif2/set-199.png Graphic file (type bmp)
<./gif2/set-199.png>
 <a0,fr199>
File: ./gif2/set-200.png Graphic file (type bmp)
<./gif2/set-200.png>
 <a0,fr200>
File: ./gif2/set-201.png Graphic file (type bmp)
<./gif2/set-201.png>
 <a0,fr201>
File: ./gif2/set-202.png Graphic file (type bmp)
<./gif2/set-202.png>
 <a0,fr202>
File: ./gif2/set-203.png Graphic file (type bmp)
<./gif2/set-203.png>
 <a0,fr203>
File: ./gif2/set-204.png Graphic file (type bmp)
<./gif2/set-204.png>
 <a0,fr204>
File: ./gif2/set-205.png Graphic file (type bmp)
<./gif2/set-205.png>
 <a0,fr205>
File: ./gif2/set-206.png Graphic file (type bmp)
<./gif2/set-206.png>
 <a0,fr206>
File: ./gif2/set-207.png Graphic file (type bmp)
<./gif2/set-207.png>
 <a0,fr207>
File: ./gif2/set-208.png Graphic file (type bmp)
<./gif2/set-208.png>
 <a0,fr208>
File: ./gif2/set-209.png Graphic file (type bmp)
<./gif2/set-209.png>
 <a0,fr209>
File: ./gif2/set-210.png Graphic file (type bmp)
<./gif2/set-210.png>
 <a0,fr210>
File: ./gif2/set-211.png Graphic file (type bmp)
<./gif2/set-211.png>
 <a0,fr211>
File: ./gif2/set-212.png Graphic file (type bmp)
<./gif2/set-212.png>
 <a0,fr212>
File: ./gif2/set-213.png Graphic file (type bmp)
<./gif2/set-213.png>
 <a0,fr213>
File: ./gif2/set-214.png Graphic file (type bmp)
<./gif2/set-214.png>
 <a0,fr214>
File: ./gif2/set-215.png Graphic file (type bmp)
<./gif2/set-215.png>
 <a0,fr215>
File: ./gif2/set-216.png Graphic file (type bmp)
<./gif2/set-216.png>
 <a0,fr216>
File: ./gif2/set-217.png Graphic file (type bmp)
<./gif2/set-217.png>
 <a0,fr217>
File: ./gif2/set-218.png Graphic file (type bmp)
<./gif2/set-218.png>
 <a0,fr218>
File: ./gif2/set-219.png Graphic file (type bmp)
<./gif2/set-219.png>
 <a0,fr219>
File: ./gif2/set-220.png Graphic file (type bmp)
<./gif2/set-220.png>
 <a0,fr220>
File: ./gif2/set-221.png Graphic file (type bmp)
<./gif2/set-221.png>
 <a0,fr221>
File: ./gif2/set-222.png Graphic file (type bmp)
<./gif2/set-222.png>
 <a0,fr222>
File: ./gif2/set-223.png Graphic file (type bmp)
<./gif2/set-223.png>
 <a0,fr223>
File: ./gif2/set-224.png Graphic file (type bmp)
<./gif2/set-224.png>
 <a0,fr224>
File: ./gif2/set-225.png Graphic file (type bmp)
<./gif2/set-225.png>
 <a0,fr225>
File: ./gif2/set-226.png Graphic file (type bmp)
<./gif2/set-226.png>
 <a0,fr226>
File: ./gif2/set-227.png Graphic file (type bmp)
<./gif2/set-227.png>
 <a0,fr227>
File: ./gif2/set-228.png Graphic file (type bmp)
<./gif2/set-228.png>
 <a0,fr228>
File: ./gif2/set-229.png Graphic file (type bmp)
<./gif2/set-229.png>
 <a0,fr229>
File: ./gif2/set-230.png Graphic file (type bmp)
<./gif2/set-230.png>
 <a0,fr230>
File: ./gif2/set-231.png Graphic file (type bmp)
<./gif2/set-231.png>
 <a0,fr231>
File: ./gif2/set-232.png Graphic file (type bmp)
<./gif2/set-232.png>
 <a0,fr232>
File: ./gif2/set-233.png Graphic file (type bmp)
<./gif2/set-233.png>
 <a0,fr233>
File: ./gif2/set-234.png Graphic file (type bmp)
<./gif2/set-234.png>
 <a0,fr234>
File: ./gif2/set-235.png Graphic file (type bmp)
<./gif2/set-235.png>
 <a0,fr235>
File: ./gif2/set-236.png Graphic file (type bmp)
<./gif2/set-236.png>
 <a0,fr236>
File: ./gif2/set-237.png Graphic file (type bmp)
<./gif2/set-237.png>
 <a0,fr237>
File: ./gif2/set-238.png Graphic file (type bmp)
<./gif2/set-238.png>
 <a0,fr238>
File: ./gif2/set-239.png Graphic file (type bmp)
<./gif2/set-239.png>
 <a0,fr239>
File: ./gif2/set-240.png Graphic file (type bmp)
<./gif2/set-240.png>
 <a0,fr240>
File: ./gif2/set-241.png Graphic file (type bmp)
<./gif2/set-241.png>
 <a0,fr241>
File: ./gif2/set-242.png Graphic file (type bmp)
<./gif2/set-242.png>
 <a0,fr242>
File: ./gif2/set-243.png Graphic file (type bmp)
<./gif2/set-243.png>
 <a0,fr243>
File: ./gif2/set-244.png Graphic file (type bmp)
<./gif2/set-244.png>
 <a0,fr244>
File: ./gif2/set-245.png Graphic file (type bmp)
<./gif2/set-245.png>
 <a0,fr245>
File: ./gif2/set-246.png Graphic file (type bmp)
<./gif2/set-246.png>
 <a0,fr246>
File: ./gif2/set-247.png Graphic file (type bmp)
<./gif2/set-247.png>
 <a0,fr247>
File: ./gif2/set-248.png Graphic file (type bmp)
<./gif2/set-248.png>
 <a0,fr248>
File: ./gif2/set-249.png Graphic file (type bmp)
<./gif2/set-249.png>
 <a0,fr249>
File: ./gif2/set-250.png Graphic file (type bmp)
<./gif2/set-250.png>
 <a0,fr250>
File: ./gif2/set-251.png Graphic file (type bmp)
<./gif2/set-251.png>
 <a0,fr251>
File: ./gif2/set-252.png Graphic file (type bmp)
<./gif2/set-252.png>
 <a0,fr252>
File: ./gif2/set-253.png Graphic file (type bmp)
<./gif2/set-253.png>
 <a0,fr253>
File: ./gif2/set-254.png Graphic file (type bmp)
<./gif2/set-254.png>
 <a0,fr254>
File: ./gif2/set-255.png Graphic file (type bmp)
<./gif2/set-255.png>
 <a0,fr255>
File: ./gif2/set-256.png Graphic file (type bmp)
<./gif2/set-256.png>
 <a0,fr256>
File: ./gif2/set-257.png Graphic file (type bmp)
<./gif2/set-257.png>
 <a0,fr257>
File: ./gif2/set-258.png Graphic file (type bmp)
<./gif2/set-258.png>
 <a0,fr258>
File: ./gif2/set-259.png Graphic file (type bmp)
<./gif2/set-259.png>
 <a0,fr259>
File: ./gif2/set-260.png Graphic file (type bmp)
<./gif2/set-260.png>
 <a0,fr260>
File: ./gif2/set-261.png Graphic file (type bmp)
<./gif2/set-261.png>
 <a0,fr261>
File: ./gif2/set-262.png Graphic file (type bmp)
<./gif2/set-262.png>
 <a0,fr262>
File: ./gif2/set-263.png Graphic file (type bmp)
<./gif2/set-263.png>
 <a0,fr263>
File: ./gif2/set-264.png Graphic file (type bmp)
<./gif2/set-264.png>
 <a0,fr264>
File: ./gif2/set-265.png Graphic file (type bmp)
<./gif2/set-265.png>
 <a0,fr265>
File: ./gif2/set-266.png Graphic file (type bmp)
<./gif2/set-266.png>
 <a0,fr266>
File: ./gif2/set-267.png Graphic file (type bmp)
<./gif2/set-267.png>
 <a0,fr267>
File: ./gif2/set-268.png Graphic file (type bmp)
<./gif2/set-268.png>
 <a0,fr268>
File: ./gif2/set-269.png Graphic file (type bmp)
<./gif2/set-269.png>
 <a0,fr269>
File: ./gif2/set-270.png Graphic file (type bmp)
<./gif2/set-270.png>
 <a0,fr270>
File: ./gif2/set-271.png Graphic file (type bmp)
<./gif2/set-271.png>
 <a0,fr271>
File: ./gif2/set-272.png Graphic file (type bmp)
<./gif2/set-272.png>
 <a0,fr272>
File: ./gif2/set-273.png Graphic file (type bmp)
<./gif2/set-273.png>
 <a0,fr273>
File: ./gif2/set-274.png Graphic file (type bmp)
<./gif2/set-274.png>
 <a0,fr274>
File: ./gif2/set-275.png Graphic file (type bmp)
<./gif2/set-275.png>
 <a0,fr275>
File: ./gif2/set-276.png Graphic file (type bmp)
<./gif2/set-276.png>
 <a0,fr276>
File: ./gif2/set-277.png Graphic file (type bmp)
<./gif2/set-277.png>
 <a0,fr277>
File: ./gif2/set-278.png Graphic file (type bmp)
<./gif2/set-278.png>
 <a0,fr278>
File: ./gif2/set-279.png Graphic file (type bmp)
<./gif2/set-279.png>
 <a0,fr279>
File: ./gif2/set-280.png Graphic file (type bmp)
<./gif2/set-280.png>
 <a0,fr280>
File: ./gif2/set-281.png Graphic file (type bmp)
<./gif2/set-281.png>
 <a0,fr281>
File: ./gif2/set-282.png Graphic file (type bmp)
<./gif2/set-282.png>
 <a0,fr282>
File: ./gif2/set-283.png Graphic file (type bmp)
<./gif2/set-283.png>
 <a0,fr283>
File: ./gif2/set-284.png Graphic file (type bmp)
<./gif2/set-284.png>
 <a0,fr284>
File: ./gif2/set-285.png Graphic file (type bmp)
<./gif2/set-285.png>
 <a0,fr285>
File: ./gif2/set-286.png Graphic file (type bmp)
<./gif2/set-286.png>
 <a0,fr286>
File: ./gif2/set-287.png Graphic file (type bmp)
<./gif2/set-287.png>
 <a0,fr287>
File: ./gif2/set-288.png Graphic file (type bmp)
<./gif2/set-288.png>
 <a0,fr288>
File: ./gif2/set-289.png Graphic file (type bmp)
<./gif2/set-289.png>
 <a0,fr289>
File: ./gif2/set-290.png Graphic file (type bmp)
<./gif2/set-290.png>
 <a0,fr290>
File: ./gif2/set-291.png Graphic file (type bmp)
<./gif2/set-291.png>
 <a0,fr291>
File: ./gif2/set-292.png Graphic file (type bmp)
<./gif2/set-292.png>
 <a0,fr292>
File: ./gif2/set-293.png Graphic file (type bmp)
<./gif2/set-293.png>
 <a0,fr293>
File: ./gif2/set-294.png Graphic file (type bmp)
<./gif2/set-294.png>
 <a0,fr294>
File: ./gif2/set-295.png Graphic file (type bmp)
<./gif2/set-295.png>
 <a0,fr295>
File: ./gif2/set-296.png Graphic file (type bmp)
<./gif2/set-296.png>
 <a0,fr296>
File: ./gif2/set-297.png Graphic file (type bmp)
<./gif2/set-297.png>
 <a0,fr297>
File: ./gif2/set-298.png Graphic file (type bmp)
<./gif2/set-298.png>
 <a0,fr298>
File: ./gif2/set-299.png Graphic file (type bmp)
<./gif2/set-299.png>
 <a0,fr299>
File: ./gif2/set-300.png Graphic file (type bmp)
<./gif2/set-300.png>
 <a0,fr300>
File: ./gif2/set-301.png Graphic file (type bmp)
<./gif2/set-301.png>
 <a0,fr301>
File: ./gif2/set-302.png Graphic file (type bmp)
<./gif2/set-302.png>
 <a0,fr302>
File: ./gif2/set-303.png Graphic file (type bmp)
<./gif2/set-303.png>
 <a0,fr303>
File: ./gif2/set-304.png Graphic file (type bmp)
<./gif2/set-304.png>
 <a0,fr304>
File: ./gif2/set-305.png Graphic file (type bmp)
<./gif2/set-305.png>
 <a0,fr305>
File: ./gif2/set-306.png Graphic file (type bmp)
<./gif2/set-306.png>
 <a0,fr306>
File: ./gif2/set-307.png Graphic file (type bmp)
<./gif2/set-307.png>
 <a0,fr307>
File: ./gif2/set-308.png Graphic file (type bmp)
<./gif2/set-308.png>
 <a0,fr308>
File: ./gif2/set-309.png Graphic file (type bmp)
<./gif2/set-309.png>
 <a0,fr309>
File: ./gif2/set-310.png Graphic file (type bmp)
<./gif2/set-310.png>
 <a0,fr310>
File: ./gif2/set-311.png Graphic file (type bmp)
<./gif2/set-311.png>
 <a0,fr311>
File: ./gif2/set-312.png Graphic file (type bmp)
<./gif2/set-312.png>
 <a0,fr312>
File: ./gif2/set-313.png Graphic file (type bmp)
<./gif2/set-313.png>
 <a0,fr313>
File: ./gif2/set-314.png Graphic file (type bmp)
<./gif2/set-314.png>
 <a0,fr314>
File: ./gif2/set-315.png Graphic file (type bmp)
<./gif2/set-315.png>
 <a0,fr315>
File: ./gif2/set-316.png Graphic file (type bmp)
<./gif2/set-316.png>
 <a0,fr316>
File: ./gif2/set-317.png Graphic file (type bmp)
<./gif2/set-317.png>
 <a0,fr317>
File: ./gif2/set-318.png Graphic file (type bmp)
<./gif2/set-318.png>
 <a0,fr318>
File: ./gif2/set-319.png Graphic file (type bmp)
<./gif2/set-319.png>
 <a0,fr319>
File: ./gif2/set-320.png Graphic file (type bmp)
<./gif2/set-320.png>
 <a0,fr320>
File: ./gif2/set-321.png Graphic file (type bmp)
<./gif2/set-321.png>
 <a0,fr321>
File: ./gif2/set-322.png Graphic file (type bmp)
<./gif2/set-322.png>
 <a0,fr322>
File: ./gif2/set-323.png Graphic file (type bmp)
<./gif2/set-323.png>
 <a0,fr323>
File: ./gif2/set-324.png Graphic file (type bmp)
<./gif2/set-324.png>
 <a0,fr324>
File: ./gif2/set-325.png Graphic file (type bmp)
<./gif2/set-325.png>
 <a0,fr325>
File: ./gif2/set-326.png Graphic file (type bmp)
<./gif2/set-326.png>
 <a0,fr326>
File: ./gif2/set-327.png Graphic file (type bmp)
<./gif2/set-327.png>
 <a0,fr327>
File: ./gif2/set-328.png Graphic file (type bmp)
<./gif2/set-328.png>
 <a0,fr328>
File: ./gif2/set-329.png Graphic file (type bmp)
<./gif2/set-329.png>
 <a0,fr329>
File: ./gif2/set-330.png Graphic file (type bmp)
<./gif2/set-330.png>
 <a0,fr330>
File: ./gif2/set-331.png Graphic file (type bmp)
<./gif2/set-331.png>
 <a0,fr331>
File: ./gif2/set-332.png Graphic file (type bmp)
<./gif2/set-332.png>
 <a0,fr332>
File: ./gif2/set-333.png Graphic file (type bmp)
<./gif2/set-333.png>
 <a0,fr333>
File: ./gif2/set-334.png Graphic file (type bmp)
<./gif2/set-334.png>
 <a0,fr334>
File: ./gif2/set-335.png Graphic file (type bmp)
<./gif2/set-335.png>
 <a0,fr335>
File: ./gif2/set-336.png Graphic file (type bmp)
<./gif2/set-336.png>
 <a0,fr336>
File: ./gif2/set-337.png Graphic file (type bmp)
<./gif2/set-337.png>
 <a0,fr337>
File: ./gif2/set-338.png Graphic file (type bmp)
<./gif2/set-338.png>
 <a0,fr338>
File: ./gif2/set-339.png Graphic file (type bmp)
<./gif2/set-339.png>
 <a0,fr339>
File: ./gif2/set-340.png Graphic file (type bmp)
<./gif2/set-340.png>
 <a0,fr340>
File: ./gif2/set-341.png Graphic file (type bmp)
<./gif2/set-341.png>
 <a0,fr341>
File: ./gif2/set-342.png Graphic file (type bmp)
<./gif2/set-342.png>
 <a0,fr342>
File: ./gif2/set-343.png Graphic file (type bmp)
<./gif2/set-343.png>
 <a0,fr343>
File: ./gif2/set-344.png Graphic file (type bmp)
<./gif2/set-344.png>
 <a0,fr344>
File: ./gif2/set-345.png Graphic file (type bmp)
<./gif2/set-345.png>
 <a0,fr345>
File: ./gif2/set-346.png Graphic file (type bmp)
<./gif2/set-346.png>
 <a0,fr346>
File: ./gif2/set-347.png Graphic file (type bmp)
<./gif2/set-347.png>
 <a0,fr347>
File: ./gif2/set-348.png Graphic file (type bmp)
<./gif2/set-348.png>
 <a0,fr348>
File: ./gif2/set-349.png Graphic file (type bmp)
<./gif2/set-349.png>
 <a0,fr349>
File: ./gif2/set-350.png Graphic file (type bmp)
<./gif2/set-350.png>
 <a0,fr350>
File: ./gif2/set-351.png Graphic file (type bmp)
<./gif2/set-351.png>
 <a0,fr351>
File: ./gif2/set-352.png Graphic file (type bmp)
<./gif2/set-352.png>
 <a0,fr352>
File: ./gif2/set-353.png Graphic file (type bmp)
<./gif2/set-353.png>
 <a0,fr353>
File: ./gif2/set-354.png Graphic file (type bmp)
<./gif2/set-354.png>
 <a0,fr354>
File: ./gif2/set-355.png Graphic file (type bmp)
<./gif2/set-355.png>
 <a0,fr355>
File: ./gif2/set-356.png Graphic file (type bmp)
<./gif2/set-356.png>
 <a0,fr356>
File: ./gif2/set-357.png Graphic file (type bmp)
<./gif2/set-357.png>
 <a0,fr357>
File: ./gif2/set-358.png Graphic file (type bmp)
<./gif2/set-358.png>
 <a0,fr358>
File: ./gif2/set-359.png Graphic file (type bmp)
<./gif2/set-359.png>
 <a0,fr359>
File: ./gif2/set-360.png Graphic file (type bmp)
<./gif2/set-360.png>
 <a0,fr360>
File: ./gif2/set-361.png Graphic file (type bmp)
<./gif2/set-361.png>
 <a0,fr361>
File: ./gif2/set-362.png Graphic file (type bmp)
<./gif2/set-362.png>
 <a0,fr362>
File: ./gif2/set-363.png Graphic file (type bmp)
<./gif2/set-363.png>
 <a0,fr363>
File: ./gif2/set-364.png Graphic file (type bmp)
<./gif2/set-364.png>
 <a0,fr364>
File: ./gif2/set-365.png Graphic file (type bmp)
<./gif2/set-365.png>
 <a0,fr365>
File: ./gif2/set-366.png Graphic file (type bmp)
<./gif2/set-366.png>
 <a0,fr366>
File: ./gif2/set-367.png Graphic file (type bmp)
<./gif2/set-367.png>
 <a0,fr367>
File: ./gif2/set-368.png Graphic file (type bmp)
<./gif2/set-368.png>
 <a0,fr368>
File: ./gif2/set-369.png Graphic file (type bmp)
<./gif2/set-369.png>
 <a0,fr369>
File: ./gif2/set-370.png Graphic file (type bmp)
<./gif2/set-370.png>
 <a0,fr370>
File: ./gif2/set-371.png Graphic file (type bmp)
<./gif2/set-371.png>
 <a0,fr371>
File: ./gif2/set-372.png Graphic file (type bmp)
<./gif2/set-372.png>
 <a0,fr372>
File: ./gif2/set-373.png Graphic file (type bmp)
<./gif2/set-373.png>
 <a0,fr373>
File: ./gif2/set-374.png Graphic file (type bmp)
<./gif2/set-374.png>
 <a0,fr374>
File: ./gif2/set-375.png Graphic file (type bmp)
<./gif2/set-375.png>
 <a0,fr375>
File: ./gif2/set-376.png Graphic file (type bmp)
<./gif2/set-376.png>
 <a0,fr376>
File: ./gif2/set-377.png Graphic file (type bmp)
<./gif2/set-377.png>
 <a0,fr377>
File: ./gif2/set-378.png Graphic file (type bmp)
<./gif2/set-378.png>
 <a0,fr378>
File: ./gif2/set-379.png Graphic file (type bmp)
<./gif2/set-379.png>
 <a0,fr379>
File: ./gif2/set-380.png Graphic file (type bmp)
<./gif2/set-380.png>
 <a0,fr380>
File: ./gif2/set-381.png Graphic file (type bmp)
<./gif2/set-381.png>
 <a0,fr381>
File: ./gif2/set-382.png Graphic file (type bmp)
<./gif2/set-382.png>
 <a0,fr382>
File: ./gif2/set-383.png Graphic file (type bmp)
<./gif2/set-383.png>
 <a0,fr383>
File: ./gif2/set-384.png Graphic file (type bmp)
<./gif2/set-384.png>
 <a0,fr384>
File: ./gif2/set-385.png Graphic file (type bmp)
<./gif2/set-385.png>
 <a0,fr385>
File: ./gif2/set-386.png Graphic file (type bmp)
<./gif2/set-386.png>
 <a0,fr386>
File: ./gif2/set-387.png Graphic file (type bmp)
<./gif2/set-387.png>
 <a0,fr387>
File: ./gif2/set-388.png Graphic file (type bmp)
<./gif2/set-388.png>
 <a0,fr388>
File: ./gif2/set-389.png Graphic file (type bmp)
<./gif2/set-389.png>
 <a0,fr389>
File: ./gif2/set-390.png Graphic file (type bmp)
<./gif2/set-390.png>
 <a0,fr390>
File: ./gif2/set-391.png Graphic file (type bmp)
<./gif2/set-391.png>
 <a0,fr391>
File: ./gif2/set-392.png Graphic file (type bmp)
<./gif2/set-392.png>
 <a0,fr392>
File: ./gif2/set-393.png Graphic file (type bmp)
<./gif2/set-393.png>
 <a0,fr393>
File: ./gif2/set-394.png Graphic file (type bmp)
<./gif2/set-394.png>
 <a0,fr394>
File: ./gif2/set-395.png Graphic file (type bmp)
<./gif2/set-395.png>
 <a0,fr395>
File: ./gif2/set-396.png Graphic file (type bmp)
<./gif2/set-396.png>
 <a0,fr396>
File: ./gif2/set-397.png Graphic file (type bmp)
<./gif2/set-397.png>
 <a0,fr397>
File: ./gif2/set-398.png Graphic file (type bmp)
<./gif2/set-398.png>
 <a0,fr398>
File: ./gif2/set-399.png Graphic file (type bmp)
<./gif2/set-399.png>
 <a0,fr399>
File: ./gif2/set-400.png Graphic file (type bmp)
<./gif2/set-400.png>
 <a0,fr400>
File: ./gif2/set-401.png Graphic file (type bmp)
<./gif2/set-401.png>
 <a0,fr401>
File: ./gif2/set-402.png Graphic file (type bmp)
<./gif2/set-402.png>
 <a0,fr402>
File: ./gif2/set-403.png Graphic file (type bmp)
<./gif2/set-403.png>
 <a0,fr403>
File: ./gif2/set-404.png Graphic file (type bmp)
<./gif2/set-404.png>
 <a0,fr404>
File: ./gif2/set-405.png Graphic file (type bmp)
<./gif2/set-405.png>
 <a0,fr405>
File: ./gif2/set-406.png Graphic file (type bmp)
<./gif2/set-406.png>
 <a0,fr406>
File: ./gif2/set-407.png Graphic file (type bmp)
<./gif2/set-407.png>
 <a0,fr407>
File: ./gif2/set-408.png Graphic file (type bmp)
<./gif2/set-408.png>
 <a0,fr408>
File: ./gif2/set-409.png Graphic file (type bmp)
<./gif2/set-409.png>
 <a0,fr409>
File: ./gif2/set-410.png Graphic file (type bmp)
<./gif2/set-410.png>
 <a0,fr410>
File: ./gif2/set-411.png Graphic file (type bmp)
<./gif2/set-411.png>
 <a0,fr411>
File: ./gif2/set-412.png Graphic file (type bmp)
<./gif2/set-412.png>
 <a0,fr412>
File: ./gif2/set-413.png Graphic file (type bmp)
<./gif2/set-413.png>
 <a0,fr413>
File: ./gif2/set-414.png Graphic file (type bmp)
<./gif2/set-414.png>
 <a0,fr414>
File: ./gif2/set-415.png Graphic file (type bmp)
<./gif2/set-415.png>
 <a0,fr415>
File: ./gif2/set-416.png Graphic file (type bmp)
<./gif2/set-416.png>
 <a0,fr416>
File: ./gif2/set-417.png Graphic file (type bmp)
<./gif2/set-417.png>
 <a0,fr417>
File: ./gif2/set-418.png Graphic file (type bmp)
<./gif2/set-418.png>
 <a0,fr418>
File: ./gif2/set-419.png Graphic file (type bmp)
<./gif2/set-419.png>
 <a0,fr419>
File: ./gif2/set-420.png Graphic file (type bmp)
<./gif2/set-420.png>
 <a0,fr420>
File: ./gif2/set-421.png Graphic file (type bmp)
<./gif2/set-421.png>
 <a0,fr421>
File: ./gif2/set-422.png Graphic file (type bmp)
<./gif2/set-422.png>
 <a0,fr422>
File: ./gif2/set-423.png Graphic file (type bmp)
<./gif2/set-423.png>
 <a0,fr423>
File: ./gif2/set-424.png Graphic file (type bmp)
<./gif2/set-424.png>
 <a0,fr424>
File: ./gif2/set-425.png Graphic file (type bmp)
<./gif2/set-425.png>
 <a0,fr425>
File: ./gif2/set-426.png Graphic file (type bmp)
<./gif2/set-426.png>
 <a0,fr426>
File: ./gif2/set-427.png Graphic file (type bmp)
<./gif2/set-427.png>
 <a0,fr427>
File: ./gif2/set-428.png Graphic file (type bmp)
<./gif2/set-428.png>
 <a0,fr428>
File: ./gif2/set-429.png Graphic file (type bmp)
<./gif2/set-429.png>
 <a0,fr429>
File: ./gif2/set-430.png Graphic file (type bmp)
<./gif2/set-430.png>
 <a0,fr430>
File: ./gif2/set-431.png Graphic file (type bmp)
<./gif2/set-431.png>
 <a0,fr431>
File: ./gif2/set-432.png Graphic file (type bmp)
<./gif2/set-432.png>
 <a0,fr432>
File: ./gif2/set-433.png Graphic file (type bmp)
<./gif2/set-433.png>
 <a0,fr433>
File: ./gif2/set-434.png Graphic file (type bmp)
<./gif2/set-434.png>
 <a0,fr434>
File: ./gif2/set-435.png Graphic file (type bmp)
<./gif2/set-435.png>
 <a0,fr435>
File: ./gif2/set-436.png Graphic file (type bmp)
<./gif2/set-436.png>
 <a0,fr436>
File: ./gif2/set-437.png Graphic file (type bmp)
<./gif2/set-437.png>
 <a0,fr437>
File: ./gif2/set-438.png Graphic file (type bmp)
<./gif2/set-438.png>
 <a0,fr438>
File: ./gif2/set-439.png Graphic file (type bmp)
<./gif2/set-439.png>
 <a0,fr439>
File: ./gif2/set-440.png Graphic file (type bmp)
<./gif2/set-440.png>
 <a0,fr440>
File: ./gif2/set-441.png Graphic file (type bmp)
<./gif2/set-441.png>
 <a0,fr441>
File: ./gif2/set-442.png Graphic file (type bmp)
<./gif2/set-442.png>
 <a0,fr442>
File: ./gif2/set-443.png Graphic file (type bmp)
<./gif2/set-443.png>
 <a0,fr443>
File: ./gif2/set-444.png Graphic file (type bmp)
<./gif2/set-444.png>
 <a0,fr444>
File: ./gif2/set-445.png Graphic file (type bmp)
<./gif2/set-445.png>
 <a0,fr445>
File: ./gif2/set-446.png Graphic file (type bmp)
<./gif2/set-446.png>
 <a0,fr446>
File: ./gif2/set-447.png Graphic file (type bmp)
<./gif2/set-447.png>
 <a0,fr447>
File: ./gif2/set-448.png Graphic file (type bmp)
<./gif2/set-448.png>
 <a0,fr448>
File: ./gif2/set-449.png Graphic file (type bmp)
<./gif2/set-449.png>
 <a0,fr449>
File: ./gif2/set-450.png Graphic file (type bmp)
<./gif2/set-450.png>
 <a0,fr450>
File: ./gif2/set-451.png Graphic file (type bmp)
<./gif2/set-451.png>
 <a0,fr451>
File: ./gif2/set-452.png Graphic file (type bmp)
<./gif2/set-452.png>
 <a0,fr452>
File: ./gif2/set-453.png Graphic file (type bmp)
<./gif2/set-453.png>
 <a0,fr453>
File: ./gif2/set-454.png Graphic file (type bmp)
<./gif2/set-454.png>
 <a0,fr454>
File: ./gif2/set-455.png Graphic file (type bmp)
<./gif2/set-455.png>
 <a0,fr455>
File: ./gif2/set-456.png Graphic file (type bmp)
<./gif2/set-456.png>
 <a0,fr456>
File: ./gif2/set-457.png Graphic file (type bmp)
<./gif2/set-457.png>
 <a0,fr457>
File: ./gif2/set-458.png Graphic file (type bmp)
<./gif2/set-458.png>
 <a0,fr458>
File: ./gif2/set-459.png Graphic file (type bmp)
<./gif2/set-459.png>
 <a0,fr459>
File: ./gif2/set-460.png Graphic file (type bmp)
<./gif2/set-460.png>
 <a0,fr460>
File: ./gif2/set-461.png Graphic file (type bmp)
<./gif2/set-461.png>
 <a0,fr461>
File: ./gif2/set-462.png Graphic file (type bmp)
<./gif2/set-462.png>
 <a0,fr462>
File: ./gif2/set-463.png Graphic file (type bmp)
<./gif2/set-463.png>
 <a0,fr463>
File: ./gif2/set-464.png Graphic file (type bmp)
<./gif2/set-464.png>
 <a0,fr464>
File: ./gif2/set-465.png Graphic file (type bmp)
<./gif2/set-465.png>
 <a0,fr465>
File: ./gif2/set-466.png Graphic file (type bmp)
<./gif2/set-466.png>
 <a0,fr466>
File: ./gif2/set-467.png Graphic file (type bmp)
<./gif2/set-467.png>
 <a0,fr467>
File: ./gif2/set-468.png Graphic file (type bmp)
<./gif2/set-468.png>
 <a0,fr468>
File: ./gif2/set-469.png Graphic file (type bmp)
<./gif2/set-469.png>
 <a0,fr469>
File: ./gif2/set-470.png Graphic file (type bmp)
<./gif2/set-470.png>
 <a0,fr470>
File: ./gif2/set-471.png Graphic file (type bmp)
<./gif2/set-471.png>
 <a0,fr471>
File: ./gif2/set-472.png Graphic file (type bmp)
<./gif2/set-472.png>
 <a0,fr472>
File: ./gif2/set-473.png Graphic file (type bmp)
<./gif2/set-473.png>
 <a0,fr473>
File: ./gif2/set-474.png Graphic file (type bmp)
<./gif2/set-474.png>
 <a0,fr474>
File: ./gif2/set-475.png Graphic file (type bmp)
<./gif2/set-475.png>
 <a0,fr475>
File: ./gif2/set-476.png Graphic file (type bmp)
<./gif2/set-476.png>
 <a0,fr476>
File: ./gif2/set-477.png Graphic file (type bmp)
<./gif2/set-477.png>
 <a0,fr477>
File: ./gif2/set-478.png Graphic file (type bmp)
<./gif2/set-478.png>
 <a0,fr478>
File: ./gif2/set-479.png Graphic file (type bmp)
<./gif2/set-479.png>
 <a0,fr479>
File: ./gif2/set-480.png Graphic file (type bmp)
<./gif2/set-480.png>
 <a0,fr480>
File: ./gif2/set-481.png Graphic file (type bmp)
<./gif2/set-481.png>
 <a0,fr481>
File: ./gif2/set-482.png Graphic file (type bmp)
<./gif2/set-482.png>
 <a0,fr482>
File: ./gif2/set-483.png Graphic file (type bmp)
<./gif2/set-483.png>
 <a0,fr483>
File: ./gif2/set-484.png Graphic file (type bmp)
<./gif2/set-484.png>
 <a0,fr484>
File: ./gif2/set-485.png Graphic file (type bmp)
<./gif2/set-485.png>
 <a0,fr485>
File: ./gif2/set-486.png Graphic file (type bmp)
<./gif2/set-486.png>
 <a0,fr486>
File: ./gif2/set-487.png Graphic file (type bmp)
<./gif2/set-487.png>
 <a0,fr487>
File: ./gif2/set-488.png Graphic file (type bmp)
<./gif2/set-488.png>
 <a0,fr488>
File: ./gif2/set-489.png Graphic file (type bmp)
<./gif2/set-489.png>
 <a0,fr489>
File: ./gif2/set-490.png Graphic file (type bmp)
<./gif2/set-490.png>
 <a0,fr490>
File: ./gif2/set-491.png Graphic file (type bmp)
<./gif2/set-491.png>
 <a0,fr491>
File: ./gif2/set-492.png Graphic file (type bmp)
<./gif2/set-492.png>
 <a0,fr492>
File: ./gif2/set-493.png Graphic file (type bmp)
<./gif2/set-493.png>
 <a0,fr493>
File: ./gif2/set-494.png Graphic file (type bmp)
<./gif2/set-494.png>
 <a0,fr494>
File: ./gif2/set-495.png Graphic file (type bmp)
<./gif2/set-495.png>
 <a0,fr495>
File: ./gif2/set-496.png Graphic file (type bmp)
<./gif2/set-496.png>
 <a0,fr496>
File: ./gif2/set-497.png Graphic file (type bmp)
<./gif2/set-497.png>
 <a0,fr497>
File: ./gif2/set-498.png Graphic file (type bmp)
<./gif2/set-498.png>
 <a0,fr498>
File: ./gif2/set-499.png Graphic file (type bmp)
<./gif2/set-499.png>
 <a0,fr499>
File: ./gif2/set-500.png Graphic file (type bmp)
<./gif2/set-500.png>
 <a0,fr500>
File: ./gif2/set-501.png Graphic file (type bmp)
<./gif2/set-501.png>
 <a0,fr501>
File: ./gif2/set-502.png Graphic file (type bmp)
<./gif2/set-502.png>
 <a0,fr502>
File: ./gif2/set-503.png Graphic file (type bmp)
<./gif2/set-503.png>
 <a0,fr503>
File: ./gif2/set-504.png Graphic file (type bmp)
<./gif2/set-504.png>
 <a0,fr504>
File: ./gif2/set-505.png Graphic file (type bmp)
<./gif2/set-505.png>
 <a0,fr505>
File: ./gif2/set-506.png Graphic file (type bmp)
<./gif2/set-506.png>
 <a0,fr506>
File: ./gif2/set-507.png Graphic file (type bmp)
<./gif2/set-507.png>
 <a0,fr507>
File: ./gif2/set-508.png Graphic file (type bmp)
<./gif2/set-508.png>
 <a0,fr508>
File: ./gif2/set-509.png Graphic file (type bmp)
<./gif2/set-509.png>
 <a0,fr509>
File: ./gif2/set-510.png Graphic file (type bmp)
<./gif2/set-510.png>
 <a0,fr510>
File: ./gif2/set-511.png Graphic file (type bmp)
<./gif2/set-511.png>
 <a0,fr511>
File: ./gif2/set-512.png Graphic file (type bmp)
<./gif2/set-512.png>
 <a0,fr512>
File: ./gif2/set-513.png Graphic file (type bmp)
<./gif2/set-513.png>
 <a0,fr513>
File: ./gif2/set-514.png Graphic file (type bmp)
<./gif2/set-514.png>
 <a0,fr514>
File: ./gif2/set-515.png Graphic file (type bmp)
<./gif2/set-515.png>
 <a0,fr515>
File: ./gif2/set-516.png Graphic file (type bmp)
<./gif2/set-516.png>
 <a0,fr516>
File: ./gif2/set-517.png Graphic file (type bmp)
<./gif2/set-517.png>
 <a0,fr517>
File: ./gif2/set-518.png Graphic file (type bmp)
<./gif2/set-518.png>
 <a0,fr518>
File: ./gif2/set-519.png Graphic file (type bmp)
<./gif2/set-519.png>
 <a0,fr519>
File: ./gif2/set-520.png Graphic file (type bmp)
<./gif2/set-520.png>
 <a0,fr520>
File: ./gif2/set-521.png Graphic file (type bmp)
<./gif2/set-521.png>
 <a0,fr521>
File: ./gif2/set-522.png Graphic file (type bmp)
<./gif2/set-522.png>
 <a0,fr522>
File: ./gif2/set-523.png Graphic file (type bmp)
<./gif2/set-523.png>
 <a0,fr523>
File: ./gif2/set-524.png Graphic file (type bmp)
<./gif2/set-524.png>
 <a0,fr524>
File: ./gif2/set-525.png Graphic file (type bmp)
<./gif2/set-525.png>
 <a0,fr525>
File: ./gif2/set-526.png Graphic file (type bmp)
<./gif2/set-526.png>
 <a0,fr526>
File: ./gif2/set-527.png Graphic file (type bmp)
<./gif2/set-527.png>
 <a0,fr527>
File: ./gif2/set-528.png Graphic file (type bmp)
<./gif2/set-528.png>
 <a0,fr528>
File: ./gif2/set-529.png Graphic file (type bmp)
<./gif2/set-529.png>
 <a0,fr529>
File: ./gif2/set-530.png Graphic file (type bmp)
<./gif2/set-530.png>
 <a0,fr530>
File: ./gif2/set-531.png Graphic file (type bmp)
<./gif2/set-531.png>
 <a0,fr531>
File: ./gif2/set-532.png Graphic file (type bmp)
<./gif2/set-532.png>
 <a0,fr532>
File: ./gif2/set-533.png Graphic file (type bmp)
<./gif2/set-533.png>
 <a0,fr533>
File: ./gif2/set-534.png Graphic file (type bmp)
<./gif2/set-534.png>
 <a0,fr534>
File: ./gif2/set-535.png Graphic file (type bmp)
<./gif2/set-535.png>
 <a0,fr535>
File: ./gif2/set-536.png Graphic file (type bmp)
<./gif2/set-536.png>
 <a0,fr536>
File: ./gif2/set-537.png Graphic file (type bmp)
<./gif2/set-537.png>
 <a0,fr537>
File: ./gif2/set-538.png Graphic file (type bmp)
<./gif2/set-538.png>
 <a0,fr538>
File: ./gif2/set-539.png Graphic file (type bmp)
<./gif2/set-539.png>
 <a0,fr539>
File: ./gif2/set-540.png Graphic file (type bmp)
<./gif2/set-540.png>
 <a0,fr540>
File: ./gif2/set-541.png Graphic file (type bmp)
<./gif2/set-541.png>
 <a0,fr541>
File: ./gif2/set-542.png Graphic file (type bmp)
<./gif2/set-542.png>
 <a0,fr542>
File: ./gif2/set-543.png Graphic file (type bmp)
<./gif2/set-543.png>
 <a0,fr543>
File: ./gif2/set-544.png Graphic file (type bmp)
<./gif2/set-544.png>
 <a0,fr544>
File: ./gif2/set-545.png Graphic file (type bmp)
<./gif2/set-545.png>
 <a0,fr545>
File: ./gif2/set-546.png Graphic file (type bmp)
<./gif2/set-546.png>
 <a0,fr546>
File: ./gif2/set-547.png Graphic file (type bmp)
<./gif2/set-547.png>
 <a0,fr547>
File: ./gif2/set-548.png Graphic file (type bmp)
<./gif2/set-548.png>
 <a0,fr548>
File: ./gif2/set-549.png Graphic file (type bmp)
<./gif2/set-549.png>
 <a0,fr549>
File: ./gif2/set-550.png Graphic file (type bmp)
<./gif2/set-550.png>
 <a0,fr550>
File: ./gif2/set-551.png Graphic file (type bmp)
<./gif2/set-551.png>
 <a0,fr551>
File: ./gif2/set-552.png Graphic file (type bmp)
<./gif2/set-552.png>
 <a0,fr552>
File: ./gif2/set-553.png Graphic file (type bmp)
<./gif2/set-553.png>
 <a0,fr553>
File: ./gif2/set-554.png Graphic file (type bmp)
<./gif2/set-554.png>
 <a0,fr554>
File: ./gif2/set-555.png Graphic file (type bmp)
<./gif2/set-555.png>
 <a0,fr555>
File: ./gif2/set-556.png Graphic file (type bmp)
<./gif2/set-556.png>
 <a0,fr556>
File: ./gif2/set-557.png Graphic file (type bmp)
<./gif2/set-557.png>
 <a0,fr557>
File: ./gif2/set-558.png Graphic file (type bmp)
<./gif2/set-558.png>
 <a0,fr558>
File: ./gif2/set-559.png Graphic file (type bmp)
<./gif2/set-559.png>
 <a0,fr559>
File: ./gif2/set-560.png Graphic file (type bmp)
<./gif2/set-560.png>
 <a0,fr560>
File: ./gif2/set-561.png Graphic file (type bmp)
<./gif2/set-561.png>
 <a0,fr561>
File: ./gif2/set-562.png Graphic file (type bmp)
<./gif2/set-562.png>
 <a0,fr562>
File: ./gif2/set-563.png Graphic file (type bmp)
<./gif2/set-563.png>
 <a0,fr563>
File: ./gif2/set-564.png Graphic file (type bmp)
<./gif2/set-564.png>
 <a0,fr564>
File: ./gif2/set-565.png Graphic file (type bmp)
<./gif2/set-565.png>
 <a0,fr565>
File: ./gif2/set-566.png Graphic file (type bmp)
<./gif2/set-566.png>
 <a0,fr566>
File: ./gif2/set-567.png Graphic file (type bmp)
<./gif2/set-567.png>
 <a0,fr567>
File: ./gif2/set-568.png Graphic file (type bmp)
<./gif2/set-568.png>
 <a0,fr568>
File: ./gif2/set-569.png Graphic file (type bmp)
<./gif2/set-569.png>
 <a0,fr569>
File: ./gif2/set-570.png Graphic file (type bmp)
<./gif2/set-570.png>
 <a0,fr570>
File: ./gif2/set-571.png Graphic file (type bmp)
<./gif2/set-571.png>
 <a0,fr571>
File: ./gif2/set-572.png Graphic file (type bmp)
<./gif2/set-572.png>
 <a0,fr572>
File: ./gif2/set-573.png Graphic file (type bmp)
<./gif2/set-573.png>
 <a0,fr573>
File: ./gif2/set-574.png Graphic file (type bmp)
<./gif2/set-574.png>
 <a0,fr574>
File: ./gif2/set-575.png Graphic file (type bmp)
<./gif2/set-575.png>
 <a0,fr575>
File: ./gif2/set-576.png Graphic file (type bmp)
<./gif2/set-576.png>
 <a0,fr576>
File: ./gif2/set-577.png Graphic file (type bmp)
<./gif2/set-577.png>
 <a0,fr577>
File: ./gif2/set-578.png Graphic file (type bmp)
<./gif2/set-578.png>
 <a0,fr578>
File: ./gif2/set-579.png Graphic file (type bmp)
<./gif2/set-579.png>
 <a0,fr579>
File: ./gif2/set-580.png Graphic file (type bmp)
<./gif2/set-580.png>
 <a0,fr580>
File: ./gif2/set-581.png Graphic file (type bmp)
<./gif2/set-581.png>
 <a0,fr581>
File: ./gif2/set-582.png Graphic file (type bmp)
<./gif2/set-582.png>
 <a0,fr582>
File: ./gif2/set-583.png Graphic file (type bmp)
<./gif2/set-583.png>
 <a0,fr583>
File: ./gif2/set-584.png Graphic file (type bmp)
<./gif2/set-584.png>
 <a0,fr584>
File: ./gif2/set-585.png Graphic file (type bmp)
<./gif2/set-585.png>
 <a0,fr585>
File: ./gif2/set-586.png Graphic file (type bmp)
<./gif2/set-586.png>
 <a0,fr586>
File: ./gif2/set-587.png Graphic file (type bmp)
<./gif2/set-587.png>
 <a0,fr587>
File: ./gif2/set-588.png Graphic file (type bmp)
<./gif2/set-588.png>
 <a0,fr588>
File: ./gif2/set-589.png Graphic file (type bmp)
<./gif2/set-589.png>
 <a0,fr589>
File: ./gif2/set-590.png Graphic file (type bmp)
<./gif2/set-590.png>
 <a0,fr590>
File: ./gif2/set-591.png Graphic file (type bmp)
<./gif2/set-591.png>
 <a0,fr591>
File: ./gif2/set-592.png Graphic file (type bmp)
<./gif2/set-592.png>
 <a0,fr592>
File: ./gif2/set-593.png Graphic file (type bmp)
<./gif2/set-593.png>
 <a0,fr593>
File: ./gif2/set-594.png Graphic file (type bmp)
<./gif2/set-594.png>
 <a0,fr594>
File: ./gif2/set-595.png Graphic file (type bmp)
<./gif2/set-595.png>
 <a0,fr595>
File: ./gif2/set-596.png Graphic file (type bmp)
<./gif2/set-596.png>
 <a0,fr596>
File: ./gif2/set-597.png Graphic file (type bmp)
<./gif2/set-597.png>
 <a0,fr597>
File: ./gif2/set-598.png Graphic file (type bmp)
<./gif2/set-598.png>
 <a0,fr598>
File: ./gif2/set-599.png Graphic file (type bmp)
<./gif2/set-599.png>
 <a0,fr599>
File: ./gif2/set-600.png Graphic file (type bmp)
<./gif2/set-600.png>
 <a0,fr600>
File: ./gif2/set-601.png Graphic file (type bmp)
<./gif2/set-601.png>
 <a0,fr601>
File: ./gif2/set-602.png Graphic file (type bmp)
<./gif2/set-602.png>
 <a0,fr602>
File: ./gif2/set-603.png Graphic file (type bmp)
<./gif2/set-603.png>
 <a0,fr603>
File: ./gif2/set-604.png Graphic file (type bmp)
<./gif2/set-604.png>
 <a0,fr604>
File: ./gif2/set-605.png Graphic file (type bmp)
<./gif2/set-605.png>
 <a0,fr605>
File: ./gif2/set-606.png Graphic file (type bmp)
<./gif2/set-606.png>
 <a0,fr606>
File: ./gif2/set-607.png Graphic file (type bmp)
<./gif2/set-607.png>
 <a0,fr607>
File: ./gif2/set-608.png Graphic file (type bmp)
<./gif2/set-608.png>
 <a0,fr608>
File: ./gif2/set-609.png Graphic file (type bmp)
<./gif2/set-609.png>
 <a0,fr609>
File: ./gif2/set-610.png Graphic file (type bmp)
<./gif2/set-610.png>
 <a0,fr610>
File: ./gif2/set-611.png Graphic file (type bmp)
<./gif2/set-611.png>
 <a0,fr611>
File: ./gif2/set-612.png Graphic file (type bmp)
<./gif2/set-612.png>
 <a0,fr612>
File: ./gif2/set-613.png Graphic file (type bmp)
<./gif2/set-613.png>
 <a0,fr613>
File: ./gif2/set-614.png Graphic file (type bmp)
<./gif2/set-614.png>
 <a0,fr614>
File: ./gif2/set-615.png Graphic file (type bmp)
<./gif2/set-615.png>
 <a0,fr615>
File: ./gif2/set-616.png Graphic file (type bmp)
<./gif2/set-616.png>
 <a0,fr616>
File: ./gif2/set-617.png Graphic file (type bmp)
<./gif2/set-617.png>
 <a0,fr617>
File: ./gif2/set-618.png Graphic file (type bmp)
<./gif2/set-618.png>
 <a0,fr618>
File: ./gif2/set-619.png Graphic file (type bmp)
<./gif2/set-619.png>
 <a0,fr619>
File: ./gif2/set-620.png Graphic file (type bmp)
<./gif2/set-620.png>
 <a0,fr620>
File: ./gif2/set-621.png Graphic file (type bmp)
<./gif2/set-621.png>
 <a0,fr621>
File: ./gif2/set-622.png Graphic file (type bmp)
<./gif2/set-622.png>
 <a0,fr622>
File: ./gif2/set-623.png Graphic file (type bmp)
<./gif2/set-623.png>
 <a0,fr623>
File: ./gif2/set-624.png Graphic file (type bmp)
<./gif2/set-624.png>
 <a0,fr624>
File: ./gif2/set-625.png Graphic file (type bmp)
<./gif2/set-625.png>
 <a0,fr625>
File: ./gif2/set-626.png Graphic file (type bmp)
<./gif2/set-626.png>
 <a0,fr626>
File: ./gif2/set-627.png Graphic file (type bmp)
<./gif2/set-627.png>
 <a0,fr627>
File: ./gif2/set-628.png Graphic file (type bmp)
<./gif2/set-628.png>
 <a0,fr628>
File: ./gif2/set-629.png Graphic file (type bmp)
<./gif2/set-629.png>
 <a0,fr629>
File: ./gif2/set-630.png Graphic file (type bmp)
<./gif2/set-630.png>
 <a0,fr630>
File: ./gif2/set-631.png Graphic file (type bmp)
<./gif2/set-631.png>
 <a0,fr631>
File: ./gif2/set-632.png Graphic file (type bmp)
<./gif2/set-632.png>
 <a0,fr632>
File: ./gif2/set-633.png Graphic file (type bmp)
<./gif2/set-633.png>
 <a0,fr633>
File: ./gif2/set-634.png Graphic file (type bmp)
<./gif2/set-634.png>
 <a0,fr634>
File: ./gif2/set-635.png Graphic file (type bmp)
<./gif2/set-635.png>
 <a0,fr635>
File: ./gif2/set-636.png Graphic file (type bmp)
<./gif2/set-636.png>
 <a0,fr636>
File: ./gif2/set-637.png Graphic file (type bmp)
<./gif2/set-637.png>
 <a0,fr637>
File: ./gif2/set-638.png Graphic file (type bmp)
<./gif2/set-638.png>
 <a0,fr638>
File: ./gif2/set-639.png Graphic file (type bmp)
<./gif2/set-639.png>
 <a0,fr639>
File: ./gif2/set-640.png Graphic file (type bmp)
<./gif2/set-640.png>
 <a0,fr640>
File: ./gif2/set-641.png Graphic file (type bmp)
<./gif2/set-641.png>
 <a0,fr641>
File: ./gif2/set-642.png Graphic file (type bmp)
<./gif2/set-642.png>
 <a0,fr642>
File: ./gif2/set-643.png Graphic file (type bmp)
<./gif2/set-643.png>
 <a0,fr643>
File: ./gif2/set-644.png Graphic file (type bmp)
<./gif2/set-644.png>
 <a0,fr644>
File: ./gif2/set-645.png Graphic file (type bmp)
<./gif2/set-645.png>
 <a0,fr645>
File: ./gif2/set-646.png Graphic file (type bmp)
<./gif2/set-646.png>
 <a0,fr646>
File: ./gif2/set-647.png Graphic file (type bmp)
<./gif2/set-647.png>
 <a0,fr647>
File: ./gif2/set-648.png Graphic file (type bmp)
<./gif2/set-648.png>
 <a0,fr648>
File: ./gif2/set-649.png Graphic file (type bmp)
<./gif2/set-649.png>
 <a0,fr649>
File: ./gif2/set-650.png Graphic file (type bmp)
<./gif2/set-650.png>
 <a0,fr650>
File: ./gif2/set-651.png Graphic file (type bmp)
<./gif2/set-651.png>
 <a0,fr651>
File: ./gif2/set-652.png Graphic file (type bmp)
<./gif2/set-652.png>
 <a0,fr652>
File: ./gif2/set-653.png Graphic file (type bmp)
<./gif2/set-653.png>
 <a0,fr653>
File: ./gif2/set-654.png Graphic file (type bmp)
<./gif2/set-654.png>
 <a0,fr654>
File: ./gif2/set-655.png Graphic file (type bmp)
<./gif2/set-655.png>
 <a0,fr655>
File: ./gif2/set-656.png Graphic file (type bmp)
<./gif2/set-656.png>
 <a0,fr656>
File: ./gif2/set-657.png Graphic file (type bmp)
<./gif2/set-657.png>
 <a0,fr657>
File: ./gif2/set-658.png Graphic file (type bmp)
<./gif2/set-658.png>
 <a0,fr658>
File: ./gif2/set-659.png Graphic file (type bmp)
<./gif2/set-659.png>
 <a0,fr659>
File: ./gif2/set-660.png Graphic file (type bmp)
<./gif2/set-660.png>
 <a0,fr660>
File: ./gif2/set-661.png Graphic file (type bmp)
<./gif2/set-661.png>
 <a0,fr661>
File: ./gif2/set-662.png Graphic file (type bmp)
<./gif2/set-662.png>
 <a0,fr662>
File: ./gif2/set-663.png Graphic file (type bmp)
<./gif2/set-663.png>
 <a0,fr663>
File: ./gif2/set-664.png Graphic file (type bmp)
<./gif2/set-664.png>
 <a0,fr664>
File: ./gif2/set-665.png Graphic file (type bmp)
<./gif2/set-665.png>
 <a0,fr665>
File: ./gif2/set-666.png Graphic file (type bmp)
<./gif2/set-666.png>
 <a0,fr666> [7] (./report.bbl) [8] (./report.aux)
Package rerunfilecheck Info: File `report.out' has not changed.
(rerunfilecheck)             Checksum: 6C741453318F5E6366BDC5DD1BE707C8;2927.
 ) 
Here is how much of TeX's memory you used:
 27831 strings out of 476179
 535025 string characters out of 5813072
 1105869 words of memory out of 5000000
 47658 multiletter control sequences out of 15000+600000
 473619 words of font info for 60 fonts, out of 8000000 for 9000
 1348 hyphenation exceptions out of 8191
 90i,16n,93p,789b,1105s stack positions out of 10000i,1000n,20000p,200000b,200000s

Output written on report.pdf (8 pages).
